0 NO
1 NO
2 NO
3 YES
4 NO
5 NO
6 NO
7 NO
8 NO
9 YES
10 NO
11 NO
12 NO
13 YES
14 NO
15 NO
16 NO
17 NO
18 NO
19 NO
20 NO
21 NO
22 NO
23 YES
24 NO
25 NO
26 NO
27 YES
28 NO
29 NO
30 NO
31 NO
32 NO
33 NO
34 NO
35 NO
36 NO
37 NO
38 NO
39 YES
40 NO
41 NO
42 NO
43 YES
44 NO
45 NO
46 NO
47 NO
48 NO
49 NO
50 NO
51 NO
52 NO
53 YES
54 NO
55 NO
56 NO
57 NO
58 NO
59 NO
60 NO
61 NO
62 NO
63 NO
64 NO
65 NO
66 NO
67 NO
68 NO
69 YES
70 NO
71 NO
72 NO
73 YES
74 NO
75 NO
76 NO
77 NO
78 NO
79 NO
80 NO
81 YES
82 NO
83 YES
84 NO
85 NO
86 NO
87 NO
88 NO
89 NO
90 NO
91 NO
92 NO
93 NO
94 NO
95 NO
96 NO
97 NO
98 NO
99 NO
100 NO
101 NO
102 NO
103 YES
104 NO
105 NO
106 NO
107 NO
108 NO
109 NO
110 NO
111 NO
112 NO
113 YES
114 NO
115 NO
116 NO
117 YES
118 NO
119 NO
120 NO
121 NO
122 NO
123 NO
124 NO
125 NO
126 NO
127 NO
128 NO
129 YES
130 NO
131 NO
132 NO
133 NO
134 NO
135 NO
136 NO
137 NO
138 NO
139 NO
140 NO
141 NO
142 NO
143 NO
144 NO
145 NO
146 NO
147 NO
148 NO
149 NO
150 NO
151 NO
152 NO
153 NO
154 NO
155 NO
156 NO
157 NO
158 NO
159 YES
160 NO
161 NO
162 NO
163 YES
164 NO
165 NO
166 NO
167 NO
168 NO
169 YES
170 NO
171 NO
172 NO
173 YES
174 NO
175 NO
176 NO
177 NO
178 NO
179 NO
180 NO
181 NO
182 NO
183 NO
184 NO
185 NO
186 NO
187 NO
188 NO
189 NO
190 NO
191 NO
192 NO
193 YES
194 NO
195 NO
196 NO
197 NO
198 NO
199 NO
200 NO
201 NO
202 NO
203 NO
204 NO
205 NO
206 NO
207 YES
208 NO
209 NO
210 NO
211 NO
212 NO
213 NO
214 NO
215 NO
216 NO
217 NO
218 NO
219 YES
220 NO
221 NO
222 NO
223 YES
224 NO
225 NO
226 NO
227 NO
228 NO
229 NO
230 NO
231 NO
232 NO
233 YES
234 NO
235 NO
236 NO
237 NO
238 NO
239 NO
240 NO
241 NO
242 NO
243 YES
244 NO
245 NO
246 NO
247 NO
248 NO
249 YES
250 NO
251 NO
252 NO
253 NO
254 NO
255 NO
256 NO
257 NO
258 NO
259 NO
260 NO
261 NO
262 NO
263 YES
264 NO
265 NO
266 NO
267 NO
268 NO
269 NO
270 NO
271 NO
272 NO
273 NO
274 NO
275 NO
276 NO
277 NO
278 NO
279 NO
280 NO
281 NO
282 NO
283 YES
284 NO
285 NO
286 NO
287 NO
288 NO
289 NO
290 NO
291 NO
292 NO
293 YES
294 NO
295 NO
296 NO
297 NO
298 NO
299 YES
300 NO
301 NO
302 NO
303 NO
304 NO
305 NO
306 NO
307 NO
308 NO
309 YES
310 NO
311 NO
312 NO
313 YES
314 NO
315 NO
316 NO
317 NO
318 NO
319 NO
320 NO
321 NO
322 NO
323 NO
324 NO
325 NO
326 NO
327 NO
328 NO
329 NO
330 NO
331 NO
332 NO
333 NO
334 NO
335 NO
336 NO
337 NO
338 NO
339 YES
340 NO
341 NO
342 NO
343 NO
344 NO
345 NO
346 NO
347 NO
348 NO
349 NO
350 NO
351 YES
352 NO
353 YES
354 NO
355 NO
356 NO
357 NO
358 NO
359 NO
360 NO
361 NO
362 NO
363 NO
364 NO
365 NO
366 NO
367 NO
368 NO
369 NO
370 NO
371 NO
372 NO
373 YES
374 NO
375 NO
376 NO
377 NO
378 NO
379 NO
380 NO
381 NO
382 NO
383 YES
384 NO
385 NO
386 NO
387 YES
388 NO
389 NO
390 NO
391 NO
392 NO
393 NO
394 NO
395 NO
396 NO
397 NO
398 NO
399 NO
400 NO
401 NO
402 NO
403 NO
404 NO
405 NO
406 NO
407 NO
408 NO
409 NO
410 NO
411 NO
412 NO
413 NO
414 NO
415 NO
416 NO
417 NO
418 NO
419 NO
420 NO
421 NO
422 NO
423 NO
424 NO
425 NO
426 NO
427 NO
428 NO
429 NO
430 NO
431 NO
432 NO
433 YES
434 NO
435 NO
436 NO
437 NO
438 NO
439 NO
440 NO
441 NO
442 NO
443 YES
444 NO
445 NO
446 NO
447 NO
448 NO
449 NO
450 NO
451 NO
452 NO
453 NO
454 NO
455 NO
456 NO
457 NO
458 NO
459 NO
460 NO
461 NO
462 NO
463 YES
464 NO
465 NO
466 NO
467 NO
468 NO
469 NO
470 NO
471 NO
472 NO
473 NO
474 NO
475 NO
476 NO
477 YES
478 NO
479 NO
480 NO
481 NO
482 NO
483 NO
484 NO
485 NO
486 NO
487 NO
488 NO
489 YES
490 NO
491 NO
492 NO
493 NO
494 NO
495 NO
496 NO
497 NO
498 NO
499 NO
500 NO
501 NO
502 NO
503 YES
504 NO
505 NO
506 NO
507 YES
508 NO
509 NO
510 NO
511 NO
512 NO
513 NO
514 NO
515 NO
516 NO
517 NO
518 NO
519 YES
520 NO
521 NO
522 NO
523 YES
524 NO
525 NO
526 NO
527 NO
528 NO
529 YES
530 NO
531 NO
532 NO
533 NO
534 NO
535 NO
536 NO
537 NO
538 NO
539 NO
540 NO
541 NO
542 NO
543 NO
544 NO
545 NO
546 NO
547 NO
548 NO
549 NO
550 NO
551 NO
552 NO
553 NO
554 NO
555 NO
556 NO
557 NO
558 NO
559 YES
560 NO
561 NO
562 NO
563 YES
564 NO
565 NO
566 NO
567 NO
568 NO
569 NO
570 NO
571 NO
572 NO
573 NO
574 NO
575 NO
576 NO
577 NO
578 NO
579 YES
580 NO
581 NO
582 NO
583 NO
584 NO
585 NO
586 NO
587 NO
588 NO
589 NO
590 NO
591 NO
592 NO
593 YES
594 NO
595 NO
596 NO
597 NO
598 NO
599 NO
600 NO
601 NO
602 NO
603 NO
604 NO
605 NO
606 NO
607 NO
608 NO
609 NO
610 NO
611 NO
612 NO
613 YES
614 NO
615 NO
616 NO
617 NO
618 NO
619 NO
620 NO
621 YES
622 NO
623 NO
624 NO
625 NO
626 NO
627 NO
628 NO
629 NO
630 NO
631 NO
632 NO
633 NO
634 NO
635 NO
636 NO
637 NO
638 NO
639 NO
640 NO
641 NO
642 NO
643 YES
644 NO
645 NO
646 NO
647 NO
648 NO
649 NO
650 NO
651 NO
652 NO
653 YES
654 NO
655 NO
656 NO
657 YES
658 NO
659 NO
660 NO
661 NO
662 NO
663 NO
664 NO
665 NO
666 NO
667 NO
668 NO
669 YES
670 NO
671 NO
672 NO
673 YES
674 NO
675 NO
676 NO
677 NO
678 NO
679 NO
680 NO
681 NO
682 NO
683 YES
684 NO
685 NO
686 NO
687 NO
688 NO
689 YES
690 NO
691 NO
692 NO
693 NO
694 NO
695 NO
696 NO
697 NO
698 NO
699 YES
700 NO
701 NO
702 NO
703 NO
704 NO
705 NO
706 NO
707 NO
708 NO
709 NO
710 NO
711 NO
712 NO
713 NO
714 NO
715 NO
716 NO
717 NO
718 NO
719 NO
720 NO
721 NO
722 NO
723 NO
724 NO
725 NO
726 NO
727 NO
728 NO
729 YES
730 NO
731 NO
732 NO
733 YES
734 NO
735 NO
736 NO
737 NO
738 NO
739 NO
740 NO
741 NO
742 NO
743 YES
744 NO
745 NO
746 NO
747 YES
748 NO
749 NO
750 NO
751 NO
752 NO
753 NO
754 NO
755 NO
756 NO
757 NO
758 NO
759 NO
760 NO
761 NO
762 NO
763 NO
764 NO
765 NO
766 NO
767 NO
768 NO
769 NO
770 NO
771 NO
772 NO
773 YES
774 NO
775 NO
776 NO
777 NO
778 NO
779 NO
780 NO
781 NO
782 NO
783 NO
784 NO
785 NO
786 NO
787 NO
788 NO
789 YES
790 NO
791 NO
792 NO
793 NO
794 NO
795 NO
796 NO
797 NO
798 NO
799 NO
800 NO
801 NO
802 NO
803 NO
804 NO
805 NO
806 NO
807 NO
808 NO
809 NO
810 NO
811 NO
812 NO
813 NO
814 NO
815 NO
816 NO
817 NO
818 NO
819 NO
820 NO
821 NO
822 NO
823 YES
824 NO
825 NO
826 NO
827 NO
828 NO
829 NO
830 NO
831 NO
832 NO
833 NO
834 NO
835 NO
836 NO
837 NO
838 NO
839 NO
840 NO
841 NO
842 NO
843 NO
844 NO
845 NO
846 NO
847 NO
848 NO
849 YES
850 NO
851 NO
852 NO
853 YES
854 NO
855 NO
856 NO
857 NO
858 NO
859 NO
860 NO
861 NO
862 NO
863 YES
864 NO
865 NO
866 NO
867 NO
868 NO
869 NO
870 NO
871 NO
872 NO
873 NO
874 NO
875 NO
876 NO
877 NO
878 NO
879 YES
880 NO
881 NO
882 NO
883 YES
884 NO
885 NO
886 NO
887 NO
888 NO
889 NO
890 NO
891 NO
892 NO
893 NO
894 NO
895 NO
896 NO
897 YES
898 NO
899 NO
900 NO
901 NO
902 NO
903 NO
904 NO
905 NO
906 NO
907 NO
908 NO
909 NO
910 NO
911 NO
912 NO
913 NO
914 NO
915 NO
916 NO
917 NO
918 NO
919 NO
920 NO
921 NO
922 NO
923 NO
924 NO
925 NO
926 NO
927 YES
928 NO
929 NO
930 NO
931 NO
932 NO
933 NO
934 NO
935 NO
936 NO
937 NO
938 NO
939 YES
940 NO
941 NO
942 NO
943 NO
944 NO
945 NO
946 NO
947 NO
948 NO
949 YES
950 NO
951 NO
952 NO
953 YES
954 NO
955 NO
956 NO
957 NO
958 NO
959 NO
960 NO
961 NO
962 NO
963 NO
964 NO
965 NO
966 NO
967 NO
968 NO
969 NO
970 NO
971 NO
972 NO
973 NO
974 NO
975 NO
976 NO
977 NO
978 NO
979 NO
980 NO
981 NO
982 NO
983 YES
984 NO
985 NO
986 NO
987 NO
988 NO
989 YES
990 NO
991 NO
992 NO
993 NO
994 NO
995 NO
996 NO
997 NO
998 NO
999 NO
1000 NO
1001 NO
1002 NO
1003 NO
1004 NO
1005 NO
1006 NO
1007 NO
1008 NO
1009 NO
1010 NO
1011 NO
1012 NO
1013 YES
1014 NO
1015 NO
1016 NO
1017 YES
1018 NO
1019 NO
1020 NO
1021 NO
1022 NO
1023 NO
1024 NO
1025 NO
1026 NO
1027 NO
1028 NO
1029 NO
1030 NO
1031 NO
1032 NO
1033 YES
1034 NO
1035 NO
1036 NO
1037 NO
1038 NO
1039 NO
1040 NO
1041 NO
1042 NO
1043 NO
1044 NO
1045 NO
1046 NO
1047 NO
1048 NO
1049 NO
1050 NO
1051 NO
1052 NO
1053 YES
1054 NO
1055 NO
1056 NO
1057 NO
1058 NO
1059 YES
1060 NO
1061 NO
1062 NO
1063 YES
1064 NO
1065 NO
1066 NO
1067 NO
1068 NO
1069 NO
1070 NO
1071 NO
1072 NO
1073 NO
1074 NO
1075 NO
1076 NO
1077 NO
1078 NO
1079 YES
1080 NO
1081 NO
1082 NO
1083 NO
1084 NO
1085 NO
1086 NO
1087 NO
1088 NO
1089 NO
1090 NO
1091 NO
1092 NO
1093 YES
1094 NO
1095 NO
1096 NO
1097 NO
1098 NO
1099 NO
1100 NO
1101 NO
1102 NO
1103 YES
1104 NO
1105 NO
1106 NO
1107 NO
1108 NO
1109 NO
1110 NO
1111 NO
1112 NO
1113 NO
1114 NO
1115 NO
1116 NO
1117 NO
1118 NO
1119 YES
1120 NO
1121 NO
1122 NO
1123 YES
1124 NO
1125 NO
1126 NO
1127 NO
1128 NO
1129 NO
1130 NO
1131 NO
1132 NO
1133 NO
1134 NO
1135 NO
1136 NO
1137 NO
1138 NO
1139 NO
1140 NO
1141 NO
1142 NO
1143 NO
1144 NO
1145 NO
1146 NO
1147 NO
1148 NO
1149 YES
1150 NO
1151 NO
1152 NO
1153 YES
1154 NO
1155 NO
1156 NO
1157 NO
1158 NO
1159 NO
1160 NO
1161 YES
1162 NO
1163 YES
1164 NO
1165 NO
1166 NO
1167 NO
1168 NO
1169 NO
1170 NO
1171 NO
1172 NO
1173 NO
1174 NO
1175 NO
1176 NO
1177 NO
1178 NO
1179 NO
1180 NO
1181 NO
1182 NO
1183 NO
1184 NO
1185 NO
1186 NO
1187 NO
1188 NO
1189 NO
1190 NO
1191 NO
1192 NO
1193 YES
1194 NO
1195 NO
1196 NO
1197 NO
1198 NO
1199 NO
1200 NO
1201 NO
1202 NO
1203 NO
1204 NO
1205 NO
1206 NO
1207 NO
1208 NO
1209 NO
1210 NO
1211 NO
1212 NO
1213 YES
1214 NO
1215 NO
1216 NO
1217 NO
1218 NO
1219 YES
1220 NO
1221 NO
1222 NO
1223 YES
1224 NO
1225 NO
1226 NO
1227 NO
1228 NO
1229 NO
1230 NO
1231 NO
1232 NO
1233 NO
1234 NO
1235 NO
1236 NO
1237 NO
1238 NO
1239 NO
1240 NO
1241 NO
1242 NO
1243 NO
1244 NO
1245 NO
1246 NO
1247 NO
1248 NO
1249 NO
1250 NO
1251 NO
1252 NO
1253 NO
1254 NO
1255 NO
1256 NO
1257 NO
1258 NO
1259 NO
1260 NO
1261 NO
1262 NO
1263 NO
1264 NO
1265 NO
1266 NO
1267 NO
1268 NO
1269 NO
1270 NO
1271 NO
1272 NO
1273 NO
1274 NO
1275 NO
1276 NO
1277 NO
1278 NO
1279 NO
1280 NO
1281 NO
1282 NO
1283 YES
1284 NO
1285 NO
1286 NO
1287 NO
1288 NO
1289 NO
1290 NO
1291 NO
1292 NO
1293 NO
1294 NO
1295 NO
1296 NO
1297 NO
1298 NO
1299 YES
1300 NO
1301 NO
1302 NO
1303 YES
1304 NO
1305 NO
1306 NO
1307 NO
1308 NO
1309 NO
1310 NO
1311 NO
1312 NO
1313 NO
1314 NO
1315 NO
1316 NO
1317 NO
1318 NO
1319 NO
1320 NO
1321 NO
1322 NO
1323 NO
1324 NO
1325 NO
1326 NO
1327 NO
1328 NO
1329 YES
1330 NO
1331 NO
1332 NO
1333 NO
1334 NO
1335 NO
1336 NO
1337 NO
1338 NO
1339 YES
1340 NO
1341 NO
1342 NO
1343 NO
1344 NO
1345 NO
1346 NO
1347 NO
1348 NO
1349 NO
1350 NO
1351 NO
1352 NO
1353 NO
1354 NO
1355 NO
1356 NO
1357 NO
1358 NO
1359 NO
1360 NO
1361 NO
1362 NO
1363 NO
1364 NO
1365 NO
1366 NO
1367 NO
1368 NO
1369 NO
1370 NO
1371 NO
1372 NO
1373 YES
1374 NO
1375 NO
1376 NO
1377 NO
1378 NO
1379 NO
1380 NO
1381 NO
1382 NO
1383 NO
1384 NO
1385 NO
1386 NO
1387 NO
1388 NO
1389 YES
1390 NO
1391 NO
1392 NO
1393 NO
1394 NO
1395 NO
1396 NO
1397 NO
1398 NO
1399 NO
1400 NO
1401 NO
1402 NO
1403 NO
1404 NO
1405 NO
1406 NO
1407 NO
1408 NO
1409 NO
1410 NO
1411 NO
1412 NO
1413 NO
1414 NO
1415 NO
1416 NO
1417 NO
1418 NO
1419 NO
1420 NO
1421 NO
1422 NO
1423 YES
1424 NO
1425 NO
1426 NO
1427 NO
1428 NO
1429 NO
1430 NO
1431 YES
1432 NO
1433 YES
1434 NO
1435 NO
1436 NO
1437 NO
1438 NO
1439 NO
1440 NO
1441 NO
1442 NO
1443 NO
1444 NO
1445 NO
1446 NO
1447 NO
1448 NO
1449 NO
1450 NO
1451 NO
1452 NO
1453 YES
1454 NO
1455 NO
1456 NO
1457 NO
1458 NO
1459 NO
1460 NO
1461 NO
1462 NO
1463 NO
1464 NO
1465 NO
1466 NO
1467 YES
1468 NO
1469 YES
1470 NO
1471 NO
1472 NO
1473 NO
1474 NO
1475 NO
1476 NO
1477 NO
1478 NO
1479 NO
1480 NO
1481 NO
1482 NO
1483 YES
1484 NO
1485 NO
1486 NO
1487 NO
1488 NO
1489 NO
1490 NO
1491 NO
1492 NO
1493 YES
1494 NO
1495 NO
1496 NO
1497 NO
1498 NO
1499 NO
1500 NO
1501 NO
1502 NO
1503 NO
1504 NO
1505 NO
1506 NO
1507 NO
1508 NO
1509 YES
1510 NO
1511 NO
1512 NO
1513 NO
1514 NO
1515 NO
1516 NO
1517 NO
1518 NO
1519 NO
1520 NO
1521 YES
1522 NO
1523 YES
1524 NO
1525 NO
1526 NO
1527 NO
1528 NO
1529 NO
1530 NO
1531 NO
1532 NO
1533 NO
1534 NO
1535 NO
1536 NO
1537 NO
1538 NO
1539 NO
1540 NO
1541 NO
1542 NO
1543 YES
1544 NO
1545 NO
1546 NO
1547 NO
1548 NO
1549 NO
1550 NO
1551 NO
1552 NO
1553 YES
1554 NO
1555 NO
1556 NO
1557 YES
1558 NO
1559 NO
1560 NO
1561 NO
1562 NO
1563 NO
1564 NO
1565 NO
1566 NO
1567 NO
1568 NO
1569 YES
1570 NO
1571 NO
1572 NO
1573 NO
1574 NO
1575 NO
1576 NO
1577 NO
1578 NO
1579 NO
1580 NO
1581 NO
1582 NO
1583 YES
1584 NO
1585 NO
1586 NO
1587 YES
1588 NO
1589 NO
1590 NO
1591 NO
1592 NO
1593 NO
1594 NO
1595 NO
1596 NO
1597 NO
1598 NO
1599 NO
1600 NO
1601 NO
1602 NO
1603 NO
1604 NO
1605 NO
1606 NO
1607 NO
1608 NO
1609 NO
1610 NO
1611 NO
1612 NO
1613 YES
1614 NO
1615 NO
1616 NO
1617 NO
1618 NO
1619 NO
1620 NO
1621 NO
1622 NO
1623 NO
1624 NO
1625 NO
1626 NO
1627 NO
1628 NO
1629 NO
1630 NO
1631 NO
1632 NO
1633 NO
1634 NO
1635 NO
1636 NO
1637 NO
1638 NO
1639 NO
1640 NO
1641 NO
1642 NO
1643 NO
1644 NO
1645 NO
1646 NO
1647 NO
1648 NO
1649 NO
1650 NO
1651 NO
1652 NO
1653 NO
1654 NO
1655 NO
1656 NO
1657 NO
1658 NO
1659 NO
1660 NO
1661 NO
1662 NO
1663 YES
1664 NO
1665 NO
1666 NO
1667 NO
1668 NO
1669 NO
1670 NO
1671 NO
1672 NO
1673 NO
1674 NO
1675 NO
1676 NO
1677 YES
1678 NO
1679 YES
1680 NO
1681 NO
1682 NO
1683 NO
1684 NO
1685 NO
1686 NO
1687 NO
1688 NO
1689 YES
1690 NO
1691 NO
1692 NO
1693 YES
1694 NO
1695 NO
1696 NO
1697 NO
1698 NO
1699 NO
1700 NO
1701 NO
1702 NO
1703 NO
1704 NO
1705 NO
1706 NO
1707 NO
1708 NO
1709 NO
1710 NO
1711 NO
1712 NO
1713 NO
1714 NO
1715 NO
1716 NO
1717 NO
1718 NO
1719 NO
1720 NO
1721 NO
1722 NO
1723 YES
1724 NO
1725 NO
1726 NO
1727 NO
1728 NO
1729 NO
1730 NO
1731 NO
1732 NO
1733 YES
1734 NO
1735 NO
1736 NO
1737 YES
1738 NO
1739 NO
1740 NO
1741 NO
1742 NO
1743 NO
1744 NO
1745 NO
1746 NO
1747 NO
1748 NO
1749 NO
1750 NO
1751 NO
1752 NO
1753 YES
1754 NO
1755 NO
1756 NO
1757 NO
1758 NO
1759 NO
1760 NO
1761 NO
1762 NO
1763 NO
1764 NO
1765 NO
1766 NO
1767 NO
1768 NO
1769 NO
1770 NO
1771 NO
1772 NO
1773 NO
1774 NO
1775 NO
1776 NO
1777 NO
1778 NO
1779 YES
1780 NO
1781 NO
1782 NO
1783 YES
1784 NO
1785 NO
1786 NO
1787 NO
1788 NO
1789 NO
1790 NO
1791 NO
1792 NO
1793 NO
1794 NO
1795 NO
1796 NO
1797 NO
1798 NO
1799 NO
1800 NO
1801 NO
1802 NO
1803 NO
1804 NO
1805 NO
1806 NO
1807 NO
1808 NO
1809 NO
1810 NO
1811 NO
1812 NO
1813 NO
1814 NO
1815 NO
1816 NO
1817 NO
1818 NO
1819 NO
1820 NO
1821 NO
1822 NO
1823 YES
1824 NO
1825 NO
1826 NO
1827 NO
1828 NO
1829 NO
1830 NO
1831 NO
1832 NO
1833 NO
1834 NO
1835 NO
1836 NO
1837 NO
1838 NO
1839 YES
1840 NO
1841 NO
1842 NO
1843 NO
1844 NO
1845 NO
1846 NO
1847 NO
1848 NO
1849 YES
1850 NO
1851 NO
1852 NO
1853 NO
1854 NO
1855 NO
1856 NO
1857 NO
1858 NO
1859 NO
1860 NO
1861 NO
1862 NO
1863 YES
1864 NO
1865 NO
1866 NO
1867 NO
1868 NO
1869 NO
1870 NO
1871 NO
1872 NO
1873 YES
1874 NO
1875 NO
1876 NO
1877 NO
1878 NO
1879 NO
1880 NO
1881 NO
1882 NO
1883 NO
1884 NO
1885 NO
1886 NO
1887 NO
1888 NO
1889 NO
1890 NO
1891 NO
1892 NO
1893 NO
1894 NO
1895 NO
1896 NO
1897 NO
1898 NO
1899 NO
1900 NO
1901 NO
1902 NO
1903 NO
1904 NO
1905 NO
1906 NO
1907 NO
1908 NO
1909 YES
1910 NO
1911 NO
1912 NO
1913 YES
1914 NO
1915 NO
1916 NO
1917 NO
1918 NO
1919 NO
1920 NO
1921 NO
1922 NO
1923 NO
1924 NO
1925 NO
1926 NO
1927 NO
1928 NO
1929 YES
1930 NO
1931 NO
1932 NO
1933 YES
1934 NO
1935 NO
1936 NO
1937 NO
1938 NO
1939 NO
1940 NO
1941 NO
1942 NO
1943 NO
1944 NO
1945 NO
1946 NO
1947 NO
1948 NO
1949 NO
1950 NO
1951 NO
1952 NO
1953 NO
1954 NO
1955 NO
1956 NO
1957 NO
1958 NO
1959 YES
1960 NO
1961 NO
1962 NO
1963 NO
1964 NO
1965 NO
1966 NO
1967 NO
1968 NO
1969 NO
1970 NO
1971 YES
1972 NO
1973 YES
1974 NO
1975 NO
1976 NO
1977 NO
1978 NO
1979 NO
1980 NO
1981 NO
1982 NO
1983 NO
1984 NO
1985 NO
1986 NO
1987 NO
1988 NO
1989 NO
1990 NO
1991 NO
1992 NO
1993 YES
1994 NO
1995 NO
1996 NO
1997 NO
1998 NO
1999 NO
2000 NO
2001 NO
2002 NO
2003 YES
2004 NO
2005 NO
2006 NO
2007 YES
2008 NO
2009 NO
2010 NO
2011 NO
2012 NO
2013 NO
2014 NO
2015 NO
2016 NO
2017 NO
2018 NO
2019 YES
2020 NO
2021 NO
2022 NO
2023 NO
2024 NO
2025 NO
2026 NO
2027 NO
2028 NO
2029 NO
2030 NO
2031 NO
2032 NO
2033 NO
2034 NO
2035 NO
2036 NO
2037 NO
2038 NO
2039 NO
2040 NO
2041 NO
2042 NO
2043 NO
2044 NO
2045 NO
2046 NO
2047 NO
2048 NO
2049 YES
2050 NO
2051 NO
2052 NO
2053 YES
2054 NO
2055 NO
2056 NO
2057 NO
2058 NO
2059 NO
2060 NO
2061 NO
2062 NO
2063 YES
2064 NO
2065 NO
2066 NO
2067 YES
2068 NO
2069 NO
2070 NO
2071 NO
2072 NO
2073 NO
2074 NO
2075 NO
2076 NO
2077 NO
2078 NO
2079 NO
2080 NO
2081 NO
2082 NO
2083 YES
2084 NO
2085 NO
2086 NO
2087 NO
2088 NO
2089 NO
2090 NO
2091 NO
2092 NO
2093 NO
2094 NO
2095 NO
2096 NO
2097 YES
2098 NO
2099 NO
2100 NO
2101 NO
2102 NO
2103 NO
2104 NO
2105 NO
2106 NO
2107 NO
2108 NO
2109 NO
2110 NO
2111 NO
2112 NO
2113 YES
2114 NO
2115 NO
2116 NO
2117 NO
2118 NO
2119 YES
2120 NO
2121 NO
2122 NO
2123 NO
2124 NO
2125 NO
2126 NO
2127 NO
2128 NO
2129 NO
2130 NO
2131 NO
2132 NO
2133 NO
2134 NO
2135 NO
2136 NO
2137 NO
2138 NO
2139 NO
2140 NO
2141 NO
2142 NO
2143 YES
2144 NO
2145 NO
2146 NO
2147 NO
2148 NO
2149 NO
2150 NO
2151 NO
2152 NO
2153 YES
2154 NO
2155 NO
2156 NO
2157 NO
2158 NO
2159 NO
2160 NO
2161 NO
2162 NO
2163 NO
2164 NO
2165 NO
2166 NO
2167 NO
2168 NO
2169 NO
2170 NO
2171 NO
2172 NO
2173 NO
2174 NO
2175 NO
2176 NO
2177 NO
2178 NO
2179 NO
2180 NO
2181 NO
2182 NO
2183 NO
2184 NO
2185 NO
2186 NO
2187 YES
2188 NO
2189 NO
2190 NO
2191 NO
2192 NO
2193 NO
2194 NO
2195 NO
2196 NO
2197 YES
2198 NO
2199 YES
2200 NO
2201 NO
2202 NO
2203 YES
2204 NO
2205 NO
2206 NO
2207 NO
2208 NO
2209 NO
2210 NO
2211 NO
2212 NO
2213 YES
2214 NO
2215 NO
2216 NO
2217 NO
2218 NO
2219 NO
2220 NO
2221 NO
2222 NO
2223 NO
2224 NO
2225 NO
2226 NO
2227 NO
2228 NO
2229 YES
2230 NO
2231 NO
2232 NO
2233 NO
2234 NO
2235 NO
2236 NO
2237 NO
2238 NO
2239 NO
2240 NO
2241 YES
2242 NO
2243 YES
2244 NO
2245 NO
2246 NO
2247 NO
2248 NO
2249 YES
2250 NO
2251 NO
2252 NO
2253 NO
2254 NO
2255 NO
2256 NO
2257 NO
2258 NO
2259 NO
2260 NO
2261 NO
2262 NO
2263 NO
2264 NO
2265 NO
2266 NO
2267 NO
2268 NO
2269 NO
2270 NO
2271 NO
2272 NO
2273 YES
2274 NO
2275 NO
2276 NO
2277 NO
2278 NO
2279 YES
2280 NO
2281 NO
2282 NO
2283 NO
2284 NO
2285 NO
2286 NO
2287 NO
2288 NO
2289 NO
2290 NO
2291 NO
2292 NO
2293 YES
2294 NO
2295 NO
2296 NO
2297 NO
2298 NO
2299 NO
2300 NO
2301 NO
2302 NO
2303 NO
2304 NO
2305 NO
2306 NO
2307 NO
2308 NO
2309 NO
2310 NO
2311 NO
2312 NO
2313 NO
2314 NO
2315 NO
2316 NO
2317 NO
2318 NO
2319 YES
2320 NO
2321 NO
2322 NO
2323 NO
2324 NO
2325 NO
2326 NO
2327 NO
2328 NO
2329 NO
2330 NO
2331 NO
2332 NO
2333 YES
2334 NO
2335 NO
2336 NO
2337 NO
2338 NO
2339 NO
2340 NO
2341 NO
2342 NO
2343 NO
2344 NO
2345 NO
2346 NO
2347 NO
2348 NO
2349 NO
2350 NO
2351 NO
2352 NO
2353 NO
2354 NO
2355 NO
2356 NO
2357 NO
2358 NO
2359 NO
2360 NO
2361 NO
2362 NO
2363 NO
2364 NO
2365 NO
2366 NO
2367 YES
2368 NO
2369 YES
2370 NO
2371 NO
2372 NO
2373 NO
2374 NO
2375 NO
2376 NO
2377 NO
2378 NO
2379 NO
2380 NO
2381 NO
2382 NO
2383 YES
2384 NO
2385 NO
2386 NO
2387 NO
2388 NO
2389 NO
2390 NO
2391 NO
2392 NO
2393 YES
2394 NO
2395 NO
2396 NO
2397 NO
2398 NO
2399 NO
2400 NO
2401 NO
2402 NO
2403 NO
2404 NO
2405 NO
2406 NO
2407 NO
2408 NO
2409 NO
2410 NO
2411 NO
2412 NO
2413 NO
2414 NO
2415 NO
2416 NO
2417 NO
2418 NO
2419 NO
2420 NO
2421 NO
2422 NO
2423 YES
2424 NO
2425 NO
2426 NO
2427 NO
2428 NO
2429 NO
2430 NO
2431 NO
2432 NO
2433 NO
2434 NO
2435 NO
2436 NO
2437 NO
2438 NO
2439 NO
2440 NO
2441 NO
2442 NO
2443 NO
2444 NO
2445 NO
2446 NO
2447 NO
2448 NO
2449 NO
2450 NO
2451 NO
2452 NO
2453 NO
2454 NO
2455 NO
2456 NO
2457 NO
2458 NO
2459 NO
2460 NO
2461 NO
2462 NO
2463 NO
2464 NO
2465 NO
2466 NO
2467 NO
2468 NO
2469 YES
2470 NO
2471 NO
2472 NO
2473 YES
2474 NO
2475 NO
2476 NO
2477 NO
2478 NO
2479 NO
2480 NO
2481 NO
2482 NO
2483 NO
2484 NO
2485 NO
2486 NO
2487 NO
2488 NO
2489 NO
2490 NO
2491 NO
2492 NO
2493 NO
2494 NO
2495 NO
2496 NO
2497 NO
2498 NO
2499 NO
2500 NO
2501 NO
2502 NO
2503 YES
2504 NO
2505 NO
2506 NO
2507 NO
2508 NO
2509 YES
2510 NO
2511 NO
2512 NO
2513 NO
2514 NO
2515 NO
2516 NO
2517 NO
2518 NO
2519 NO
2520 NO
2521 NO
2522 NO
2523 NO
2524 NO
2525 NO
2526 NO
2527 NO
2528 NO
2529 NO
2530 NO
2531 NO
2532 NO
2533 NO
2534 NO
2535 NO
2536 NO
2537 NO
2538 NO
2539 NO
2540 NO
2541 NO
2542 NO
2543 YES
2544 NO
2545 NO
2546 NO
2547 YES
2548 NO
2549 NO
2550 NO
2551 NO
2552 NO
2553 NO
2554 NO
2555 NO
2556 NO
2557 NO
2558 NO
2559 YES
2560 NO
2561 NO
2562 NO
2563 NO
2564 NO
2565 NO
2566 NO
2567 NO
2568 NO
2569 NO
2570 NO
2571 NO
2572 NO
2573 NO
2574 NO
2575 NO
2576 NO
2577 NO
2578 NO
2579 NO
2580 NO
2581 NO
2582 NO
2583 NO
2584 NO
2585 NO
2586 NO
2587 NO
2588 NO
2589 YES
2590 NO
2591 NO
2592 NO
2593 YES
2594 NO
2595 NO
2596 NO
2597 NO
2598 NO
2599 YES
2600 NO
2601 NO
2602 NO
2603 NO
2604 NO
2605 NO
2606 NO
2607 NO
2608 NO
2609 NO
2610 NO
2611 NO
2612 NO
2613 NO
2614 NO
2615 NO
2616 NO
2617 NO
2618 NO
2619 NO
2620 NO
2621 NO
2622 NO
2623 NO
2624 NO
2625 NO
2626 NO
2627 NO
2628 NO
2629 NO
2630 NO
2631 NO
2632 NO
2633 YES
2634 NO
2635 NO
2636 NO
2637 YES
2638 NO
2639 NO
2640 NO
2641 NO
2642 NO
2643 NO
2644 NO
2645 NO
2646 NO
2647 NO
2648 NO
2649 YES
2650 NO
2651 NO
2652 NO
2653 NO
2654 NO
2655 NO
2656 NO
2657 NO
2658 NO
2659 NO
2660 NO
2661 NO
2662 NO
2663 YES
2664 NO
2665 NO
2666 NO
2667 NO
2668 NO
2669 NO
2670 NO
2671 NO
2672 NO
2673 NO
2674 NO
2675 NO
2676 NO
2677 NO
2678 NO
2679 NO
2680 NO
2681 NO
2682 NO
2683 YES
2684 NO
2685 NO
2686 NO
2687 NO
2688 NO
2689 NO
2690 NO
2691 YES
2692 NO
2693 YES
2694 NO
2695 NO
2696 NO
2697 NO
2698 NO
2699 NO
2700 NO
2701 NO
2702 NO
2703 NO
2704 NO
2705 NO
2706 NO
2707 NO
2708 NO
2709 NO
2710 NO
2711 NO
2712 NO
2713 YES
2714 NO
2715 NO
2716 NO
2717 NO
2718 NO
2719 NO
2720 NO
2721 NO
2722 NO
2723 NO
2724 NO
2725 NO
2726 NO
2727 NO
2728 NO
2729 NO
2730 NO
2731 NO
2732 NO
2733 NO
2734 NO
2735 NO
2736 NO
2737 NO
2738 NO
2739 NO
2740 NO
2741 NO
2742 NO
2743 NO
2744 NO
2745 NO
2746 NO
2747 NO
2748 NO
2749 NO
2750 NO
2751 NO
2752 NO
2753 YES
2754 NO
2755 NO
2756 NO
2757 NO
2758 NO
2759 NO
2760 NO
2761 NO
2762 NO
2763 NO
2764 NO
2765 NO
2766 NO
2767 NO
2768 NO
2769 NO
2770 NO
2771 NO
2772 NO
2773 NO
2774 NO
2775 NO
2776 NO
2777 NO
2778 NO
2779 NO
2780 NO
2781 YES
2782 NO
2783 NO
2784 NO
2785 NO
2786 NO
2787 NO
2788 NO
2789 NO
2790 NO
2791 NO
2792 NO
2793 NO
2794 NO
2795 NO
2796 NO
2797 NO
2798 NO
2799 NO
2800 NO
2801 NO
2802 NO
2803 YES
2804 NO
2805 NO
2806 NO
2807 NO
2808 NO
2809 YES
2810 NO
2811 NO
2812 NO
2813 NO
2814 NO
2815 NO
2816 NO
2817 YES
2818 NO
2819 NO
2820 NO
2821 NO
2822 NO
2823 NO
2824 NO
2825 NO
2826 NO
2827 NO
2828 NO
2829 NO
2830 NO
2831 NO
2832 NO
2833 YES
2834 NO
2835 NO
2836 NO
2837 NO
2838 NO
2839 NO
2840 NO
2841 NO
2842 NO
2843 YES
2844 NO
2845 NO
2846 NO
2847 YES
2848 NO
2849 NO
2850 NO
2851 NO
2852 NO
2853 NO
2854 NO
2855 NO
2856 NO
2857 NO
2858 NO
2859 YES
2860 NO
2861 NO
2862 NO
2863 NO
2864 NO
2865 NO
2866 NO
2867 NO
2868 NO
2869 NO
2870 NO
2871 NO
2872 NO
2873 NO
2874 NO
2875 NO
2876 NO
2877 NO
2878 NO
2879 NO
2880 NO
2881 NO
2882 NO
2883 NO
2884 NO
2885 NO
2886 NO
2887 NO
2888 NO
2889 NO
2890 NO
2891 NO
2892 NO
2893 NO
2894 NO
2895 NO
2896 NO
2897 NO
2898 NO
2899 YES
2900 NO
2901 NO
2902 NO
2903 YES
2904 NO
2905 NO
2906 NO
2907 NO
2908 NO
2909 NO
2910 NO
2911 NO
2912 NO
2913 NO
2914 NO
2915 NO
2916 NO
2917 NO
2918 NO
2919 NO
2920 NO
2921 NO
2922 NO
2923 NO
2924 NO
2925 NO
2926 NO
2927 NO
2928 NO
2929 NO
2930 NO
2931 NO
2932 NO
2933 NO
2934 NO
2935 NO
2936 NO
2937 NO
2938 NO
2939 NO
2940 NO
2941 NO
2942 NO
2943 NO
2944 NO
2945 NO
2946 NO
2947 NO
2948 NO
2949 YES
2950 NO
2951 NO
2952 NO
2953 YES
2954 NO
2955 NO
2956 NO
2957 NO
2958 NO
2959 NO
2960 NO
2961 NO
2962 NO
2963 YES
2964 NO
2965 NO
2966 NO
2967 YES
2968 NO
2969 NO
2970 NO
2971 NO
2972 NO
2973 NO
2974 NO
2975 NO
2976 NO
2977 NO
2978 NO
2979 NO
2980 NO
2981 NO
2982 NO
2983 NO
2984 NO
2985 NO
2986 NO
2987 NO
2988 NO
2989 NO
2990 NO
2991 NO
2992 NO
2993 NO
2994 NO
2995 NO
2996 NO
2997 NO
2998 NO
2999 NO
3000 NO
3001 NO
3002 NO
3003 NO
3004 NO
3005 NO
3006 NO
3007 NO
3008 NO
3009 NO
3010 NO
3011 NO
3012 NO
3013 NO
3014 NO
3015 NO
3016 NO
3017 NO
3018 NO
3019 NO
3020 NO
3021 NO
3022 NO
3023 YES
3024 NO
3025 NO
3026 NO
3027 NO
3028 NO
3029 YES
3030 NO
3031 NO
3032 NO
3033 NO
3034 NO
3035 NO
3036 NO
3037 NO
3038 NO
3039 YES
3040 NO
3041 NO
3042 NO
3043 NO
3044 NO
3045 NO
3046 NO
3047 NO
3048 NO
3049 NO
3050 NO
3051 YES
3052 NO
3053 NO
3054 NO
3055 NO
3056 NO
3057 NO
3058 NO
3059 NO
3060 NO
3061 NO
3062 NO
3063 NO
3064 NO
3065 NO
3066 NO
3067 NO
3068 NO
3069 NO
3070 NO
3071 NO
3072 NO
3073 NO
3074 NO
3075 NO
3076 NO
3077 NO
3078 NO
3079 NO
3080 NO
3081 NO
3082 NO
3083 YES
3084 NO
3085 NO
3086 NO
3087 NO
3088 NO
3089 NO
3090 NO
3091 NO
3092 NO
3093 NO
3094 NO
3095 NO
3096 NO
3097 NO
3098 NO
3099 YES
3100 NO
3101 NO
3102 NO
3103 NO
3104 NO
3105 NO
3106 NO
3107 NO
3108 NO
3109 NO
3110 NO
3111 NO
3112 NO
3113 NO
3114 NO
3115 NO
3116 NO
3117 NO
3118 NO
3119 NO
3120 NO
3121 NO
3122 NO
3123 NO
3124 NO
3125 NO
3126 NO
3127 NO
3128 NO
3129 NO
3130 NO
3131 NO
3132 NO
3133 NO
3134 NO
3135 NO
3136 NO
3137 NO
3138 NO
3139 YES
3140 NO
3141 NO
3142 NO
3143 NO
3144 NO
3145 NO
3146 NO
3147 NO
3148 NO
3149 NO
3150 NO
3151 NO
3152 NO
3153 NO
3154 NO
3155 NO
3156 NO
3157 NO
3158 NO
3159 YES
3160 NO
3161 NO
3162 NO
3163 YES
3164 NO
3165 NO
3166 NO
3167 NO
3168 NO
3169 NO
3170 NO
3171 NO
3172 NO
3173 NO
3174 NO
3175 NO
3176 NO
3177 YES
3178 NO
3179 NO
3180 NO
3181 NO
3182 NO
3183 NO
3184 NO
3185 NO
3186 NO
3187 NO
3188 NO
3189 YES
3190 NO
3191 NO
3192 NO
3193 NO
3194 NO
3195 NO
3196 NO
3197 NO
3198 NO
3199 NO
3200 NO
3201 NO
3202 NO
3203 YES
3204 NO
3205 NO
3206 NO
3207 NO
3208 NO
3209 NO
3210 NO
3211 NO
3212 NO
3213 NO
3214 NO
3215 NO
3216 NO
3217 NO
3218 NO
3219 NO
3220 NO
3221 NO
3222 NO
3223 NO
3224 NO
3225 NO
3226 NO
3227 NO
3228 NO
3229 NO
3230 NO
3231 NO
3232 NO
3233 NO
3234 NO
3235 NO
3236 NO
3237 YES
3238 NO
3239 NO
3240 NO
3241 NO
3242 NO
3243 NO
3244 NO
3245 NO
3246 NO
3247 NO
3248 NO
3249 NO
3250 NO
3251 NO
3252 NO
3253 YES
3254 NO
3255 NO
3256 NO
3257 NO
3258 NO
3259 NO
3260 NO
3261 NO
3262 NO
3263 NO
3264 NO
3265 NO
3266 NO
3267 NO
3268 NO
3269 NO
3270 NO
3271 NO
3272 NO
3273 NO
3274 NO
3275 NO
3276 NO
3277 NO
3278 NO
3279 YES
3280 NO
3281 NO
3282 NO
3283 NO
3284 NO
3285 NO
3286 NO
3287 NO
3288 NO
3289 NO
3290 NO
3291 NO
3292 NO
3293 NO
3294 NO
3295 NO
3296 NO
3297 NO
3298 NO
3299 NO
3300 NO
3301 NO
3302 NO
3303 NO
3304 NO
3305 NO
3306 NO
3307 NO
3308 NO
3309 YES
3310 NO
3311 NO
3312 NO
3313 YES
3314 NO
3315 NO
3316 NO
3317 NO
3318 NO
3319 NO
3320 NO
3321 NO
3322 NO
3323 YES
3324 NO
3325 NO
3326 NO
3327 NO
3328 NO
3329 NO
3330 NO
3331 NO
3332 NO
3333 NO
3334 NO
3335 NO
3336 NO
3337 NO
3338 NO
3339 NO
3340 NO
3341 NO
3342 NO
3343 YES
3344 NO
3345 NO
3346 NO
3347 NO
3348 NO
3349 NO
3350 NO
3351 NO
3352 NO
3353 NO
3354 NO
3355 NO
3356 NO
3357 YES
3358 NO
3359 NO
3360 NO
3361 NO
3362 NO
3363 NO
3364 NO
3365 NO
3366 NO
3367 NO
3368 NO
3369 YES
3370 NO
3371 NO
3372 NO
3373 YES
3374 NO
3375 NO
3376 NO
3377 NO
3378 NO
3379 NO
3380 NO
3381 NO
3382 NO
3383 NO
3384 NO
3385 NO
3386 NO
3387 NO
3388 NO
3389 NO
3390 NO
3391 NO
3392 NO
3393 NO
3394 NO
3395 NO
3396 NO
3397 NO
3398 NO
3399 NO
3400 NO
3401 NO
3402 NO
3403 NO
3404 NO
3405 NO
3406 NO
3407 NO
3408 NO
3409 NO
3410 NO
3411 NO
3412 NO
3413 YES
3414 NO
3415 NO
3416 NO
3417 NO
3418 NO
3419 YES
3420 NO
3421 NO
3422 NO
3423 NO
3424 NO
3425 NO
3426 NO
3427 NO
3428 NO
3429 NO
3430 NO
3431 NO
3432 NO
3433 YES
3434 NO
3435 NO
3436 NO
3437 NO
3438 NO
3439 NO
3440 NO
3441 NO
3442 NO
3443 NO
3444 NO
3445 NO
3446 NO
3447 YES
3448 NO
3449 NO
3450 NO
3451 NO
3452 NO
3453 NO
3454 NO
3455 NO
3456 NO
3457 NO
3458 NO
3459 YES
3460 NO
3461 NO
3462 NO
3463 YES
3464 NO
3465 NO
3466 NO
3467 NO
3468 NO
3469 NO
3470 NO
3471 NO
3472 NO
3473 NO
3474 NO
3475 NO
3476 NO
3477 NO
3478 NO
3479 NO
3480 NO
3481 NO
3482 NO
3483 YES
3484 NO
3485 NO
3486 NO
3487 NO
3488 NO
3489 YES
3490 NO
3491 NO
3492 NO
3493 NO
3494 NO
3495 NO
3496 NO
3497 NO
3498 NO
3499 NO
3500 NO
3501 NO
3502 NO
3503 NO
3504 NO
3505 NO
3506 NO
3507 NO
3508 NO
3509 NO
3510 NO
3511 NO
3512 NO
3513 NO
3514 NO
3515 NO
3516 NO
3517 NO
3518 NO
3519 NO
3520 NO
3521 NO
3522 NO
3523 NO
3524 NO
3525 NO
3526 NO
3527 NO
3528 NO
3529 NO
3530 NO
3531 NO
3532 NO
3533 YES
3534 NO
3535 NO
3536 NO
3537 NO
3538 NO
3539 NO
3540 NO
3541 NO
3542 NO
3543 NO
3544 NO
3545 NO
3546 NO
3547 NO
3548 NO
3549 NO
3550 NO
3551 NO
3552 NO
3553 NO
3554 NO
3555 NO
3556 NO
3557 NO
3558 NO
3559 NO
3560 NO
3561 NO
3562 NO
3563 NO
3564 NO
3565 NO
3566 NO
3567 NO
3568 NO
3569 YES
3570 NO
3571 NO
3572 NO
3573 NO
3574 NO
3575 NO
3576 NO
3577 NO
3578 NO
3579 YES
3580 NO
3581 NO
3582 NO
3583 YES
3584 NO
3585 NO
3586 NO
3587 NO
3588 NO
3589 NO
3590 NO
3591 NO
3592 NO
3593 YES
3594 NO
3595 NO
3596 NO
3597 NO
3598 NO
3599 NO
3600 NO
3601 NO
3602 NO
3603 NO
3604 NO
3605 NO
3606 NO
3607 NO
3608 NO
3609 NO
3610 NO
3611 NO
3612 NO
3613 YES
3614 NO
3615 NO
3616 NO
3617 NO
3618 NO
3619 NO
3620 NO
3621 NO
3622 NO
3623 YES
3624 NO
3625 NO
3626 NO
3627 NO
3628 NO
3629 NO
3630 NO
3631 NO
3632 NO
3633 NO
3634 NO
3635 NO
3636 NO
3637 NO
3638 NO
3639 YES
3640 NO
3641 NO
3642 NO
3643 YES
3644 NO
3645 NO
3646 NO
3647 NO
3648 NO
3649 NO
3650 NO
3651 NO
3652 NO
3653 NO
3654 NO
3655 NO
3656 NO
3657 YES
3658 NO
3659 NO
3660 NO
3661 NO
3662 NO
3663 NO
3664 NO
3665 NO
3666 NO
3667 NO
3668 NO
3669 YES
3670 NO
3671 NO
3672 NO
3673 YES
3674 NO
3675 NO
3676 NO
3677 NO
3678 NO
3679 YES
3680 NO
3681 NO
3682 NO
3683 NO
3684 NO
3685 NO
3686 NO
3687 NO
3688 NO
3689 NO
3690 NO
3691 NO
3692 NO
3693 NO
3694 NO
3695 NO
3696 NO
3697 NO
3698 NO
3699 NO
3700 NO
3701 NO
3702 NO
3703 NO
3704 NO
3705 NO
3706 NO
3707 NO
3708 NO
3709 NO
3710 NO
3711 NO
3712 NO
3713 NO
3714 NO
3715 NO
3716 NO
3717 NO
3718 NO
3719 NO
3720 NO
3721 NO
3722 NO
3723 NO
3724 NO
3725 NO
3726 NO
3727 NO
3728 NO
3729 NO
3730 NO
3731 NO
3732 NO
3733 YES
3734 NO
3735 NO
3736 NO
3737 NO
3738 NO
3739 NO
3740 NO
3741 NO
3742 NO
3743 NO
3744 NO
3745 NO
3746 NO
3747 NO
3748 NO
3749 YES
3750 NO
3751 NO
3752 NO
3753 NO
3754 NO
3755 NO
3756 NO
3757 NO
3758 NO
3759 NO
3760 NO
3761 NO
3762 NO
3763 NO
3764 NO
3765 NO
3766 NO
3767 NO
3768 NO
3769 NO
3770 NO
3771 NO
3772 NO
3773 NO
3774 NO
3775 NO
3776 NO
3777 NO
3778 NO
3779 NO
3780 NO
3781 NO
3782 NO
3783 NO
3784 NO
3785 NO
3786 NO
3787 NO
3788 NO
3789 NO
3790 NO
3791 NO
3792 NO
3793 YES
3794 NO
3795 NO
3796 NO
3797 NO
3798 NO
3799 NO
3800 NO
3801 NO
3802 NO
3803 YES
3804 NO
3805 NO
3806 NO
3807 NO
3808 NO
3809 YES
3810 NO
3811 NO
3812 NO
3813 NO
3814 NO
3815 NO
3816 NO
3817 NO
3818 NO
3819 NO
3820 NO
3821 NO
3822 NO
3823 YES
3824 NO
3825 NO
3826 NO
3827 NO
3828 NO
3829 NO
3830 NO
3831 NO
3832 NO
3833 YES
3834 NO
3835 NO
3836 NO
3837 NO
3838 NO
3839 NO
3840 NO
3841 NO
3842 NO
3843 NO
3844 NO
3845 NO
3846 NO
3847 NO
3848 NO
3849 YES
3850 NO
3851 NO
3852 NO
3853 YES
3854 NO
3855 NO
3856 NO
3857 NO
3858 NO
3859 NO
3860 NO
3861 NO
3862 NO
3863 YES
3864 NO
3865 NO
3866 NO
3867 NO
3868 NO
3869 YES
3870 NO
3871 NO
3872 NO
3873 NO
3874 NO
3875 NO
3876 NO
3877 NO
3878 NO
3879 NO
3880 NO
3881 NO
3882 NO
3883 NO
3884 NO
3885 NO
3886 NO
3887 YES
3888 NO
3889 NO
3890 NO
3891 NO
3892 NO
3893 NO
3894 NO
3895 NO
3896 NO
3897 YES
3898 NO
3899 NO
3900 NO
3901 NO
3902 NO
3903 NO
3904 NO
3905 NO
3906 NO
3907 NO
3908 NO
3909 YES
3910 NO
3911 NO
3912 NO
3913 NO
3914 NO
3915 NO
3916 NO
3917 NO
3918 NO
3919 NO
3920 NO
3921 NO
3922 NO
3923 YES
3924 NO
3925 NO
3926 NO
3927 NO
3928 NO
3929 NO
3930 NO
3931 NO
3932 NO
3933 NO
3934 NO
3935 NO
3936 NO
3937 NO
3938 NO
3939 NO
3940 NO
3941 NO
3942 NO
3943 YES
3944 NO
3945 NO
3946 NO
3947 NO
3948 NO
3949 NO
3950 NO
3951 NO
3952 NO
3953 NO
3954 NO
3955 NO
3956 NO
3957 NO
3958 NO
3959 NO
3960 NO
3961 NO
3962 NO
3963 NO
3964 NO
3965 NO
3966 NO
3967 NO
3968 NO
3969 NO
3970 NO
3971 NO
3972 NO
3973 NO
3974 NO
3975 NO
3976 NO
3977 NO
3978 NO
3979 YES
3980 NO
3981 NO
3982 NO
3983 NO
3984 NO
3985 NO
3986 NO
3987 YES
3988 NO
3989 NO
3990 NO
3991 NO
3992 NO
3993 NO
3994 NO
3995 NO
3996 NO
3997 NO
3998 NO
3999 NO
4000 NO
4001 NO
4002 NO
4003 YES
4004 NO
4005 NO
4006 NO
4007 NO
4008 NO
4009 NO
4010 NO
4011 NO
4012 NO
4013 YES
4014 NO
4015 NO
4016 NO
4017 YES
4018 NO
4019 NO
4020 NO
4021 NO
4022 NO
4023 NO
4024 NO
4025 NO
4026 NO
4027 NO
4028 NO
4029 NO
4030 NO
4031 NO
4032 NO
4033 NO
4034 NO
4035 NO
4036 NO
4037 NO
4038 NO
4039 NO
4040 NO
4041 NO
4042 NO
4043 NO
4044 NO
4045 NO
4046 NO
4047 NO
4048 NO
4049 NO
4050 NO
4051 NO
4052 NO
4053 NO
4054 NO
4055 NO
4056 NO
4057 NO
4058 NO
4059 NO
4060 NO
4061 NO
4062 NO
4063 NO
4064 NO
4065 NO
4066 NO
4067 NO
4068 NO
4069 YES
4070 NO
4071 NO
4072 NO
4073 YES
4074 NO
4075 NO
4076 NO
4077 NO
4078 NO
4079 NO
4080 NO
4081 NO
4082 NO
4083 NO
4084 NO
4085 NO
4086 NO
4087 NO
4088 NO
4089 NO
4090 NO
4091 NO
4092 NO
4093 YES
4094 NO
4095 NO
4096 NO
4097 NO
4098 NO
4099 NO
4100 NO
4101 NO
4102 NO
4103 NO
4104 NO
4105 NO
4106 NO
4107 NO
4108 NO
4109 NO
4110 NO
4111 NO
4112 NO
4113 NO
4114 NO
4115 NO
4116 NO
4117 NO
4118 NO
4119 YES
4120 NO
4121 NO
4122 NO
4123 NO
4124 NO
4125 NO
4126 NO
4127 NO
4128 NO
4129 NO
4130 NO
4131 NO
4132 NO
4133 YES
4134 NO
4135 NO
4136 NO
4137 NO
4138 NO
4139 NO
4140 NO
4141 NO
4142 NO
4143 NO
4144 NO
4145 NO
4146 NO
4147 NO
4148 NO
4149 NO
4150 NO
4151 NO
4152 NO
4153 YES
4154 NO
4155 NO
4156 NO
4157 NO
4158 NO
4159 NO
4160 NO
4161 NO
4162 NO
4163 NO
4164 NO
4165 NO
4166 NO
4167 YES
4168 NO
4169 NO
4170 NO
4171 NO
4172 NO
4173 NO
4174 NO
4175 NO
4176 NO
4177 NO
4178 NO
4179 NO
4180 NO
4181 NO
4182 NO
4183 NO
4184 NO
4185 NO
4186 NO
4187 NO
4188 NO
4189 NO
4190 NO
4191 NO
4192 NO
4193 NO
4194 NO
4195 NO
4196 NO
4197 NO
4198 NO
4199 NO
4200 NO
4201 NO
4202 NO
4203 NO
4204 NO
4205 NO
4206 NO
4207 NO
4208 NO
4209 NO
4210 NO
4211 NO
4212 NO
4213 NO
4214 NO
4215 NO
4216 NO
4217 NO
4218 NO
4219 NO
4220 NO
4221 NO
4222 NO
4223 NO
4224 NO
4225 NO
4226 NO
4227 NO
4228 NO
4229 NO
4230 NO
4231 NO
4232 NO
4233 NO
4234 NO
4235 NO
4236 NO
4237 NO
4238 NO
4239 NO
4240 NO
4241 NO
4242 NO
4243 YES
4244 NO
4245 NO
4246 NO
4247 NO
4248 NO
4249 NO
4250 NO
4251 NO
4252 NO
4253 YES
4254 NO
4255 NO
4256 NO
4257 NO
4258 NO
4259 NO
4260 NO
4261 NO
4262 NO
4263 NO
4264 NO
4265 NO
4266 NO
4267 NO
4268 NO
4269 YES
4270 NO
4271 NO
4272 NO
4273 YES
4274 NO
4275 NO
4276 NO
4277 NO
4278 NO
4279 NO
4280 NO
4281 NO
4282 NO
4283 YES
4284 NO
4285 NO
4286 NO
4287 NO
4288 NO
4289 NO
4290 NO
4291 NO
4292 NO
4293 YES
4294 NO
4295 NO
4296 NO
4297 NO
4298 NO
4299 YES
4300 NO
4301 NO
4302 NO
4303 NO
4304 NO
4305 NO
4306 NO
4307 NO
4308 NO
4309 NO
4310 NO
4311 NO
4312 NO
4313 NO
4314 NO
4315 NO
4316 NO
4317 NO
4318 NO
4319 NO
4320 NO
4321 NO
4322 NO
4323 NO
4324 NO
4325 NO
4326 NO
4327 NO
4328 NO
4329 NO
4330 NO
4331 NO
4332 NO
4333 NO
4334 NO
4335 NO
4336 NO
4337 NO
4338 NO
4339 NO
4340 NO
4341 NO
4342 NO
4343 NO
4344 NO
4345 NO
4346 NO
4347 NO
4348 NO
4349 NO
4350 NO
4351 NO
4352 NO
4353 NO
4354 NO
4355 NO
4356 NO
4357 NO
4358 NO
4359 YES
4360 NO
4361 NO
4362 NO
4363 YES
4364 NO
4365 NO
4366 NO
4367 NO
4368 NO
4369 NO
4370 NO
4371 NO
4372 NO
4373 YES
4374 NO
4375 NO
4376 NO
4377 NO
4378 NO
4379 NO
4380 NO
4381 NO
4382 NO
4383 NO
4384 NO
4385 NO
4386 NO
4387 NO
4388 NO
4389 NO
4390 NO
4391 NO
4392 NO
4393 NO
4394 NO
4395 NO
4396 NO
4397 NO
4398 NO
4399 YES
4400 NO
4401 YES
4402 NO
4403 NO
4404 NO
4405 NO
4406 NO
4407 YES
4408 NO
4409 NO
4410 NO
4411 NO
4412 NO
4413 NO
4414 NO
4415 NO
4416 NO
4417 NO
4418 NO
4419 NO
4420 NO
4421 NO
4422 NO
4423 YES
4424 NO
4425 NO
4426 NO
4427 NO
4428 NO
4429 YES
4430 NO
4431 NO
4432 NO
4433 NO
4434 NO
4435 NO
4436 NO
4437 NO
4438 NO
4439 YES
4440 NO
4441 NO
4442 NO
4443 NO
4444 NO
4445 NO
4446 NO
4447 NO
4448 NO
4449 YES
4450 NO
4451 NO
4452 NO
4453 NO
4454 NO
4455 NO
4456 NO
4457 NO
4458 NO
4459 NO
4460 NO
4461 NO
4462 NO
4463 YES
4464 NO
4465 NO
4466 NO
4467 NO
4468 NO
4469 NO
4470 NO
4471 NO
4472 NO
4473 NO
4474 NO
4475 NO
4476 NO
4477 NO
4478 NO
4479 YES
4480 NO
4481 NO
4482 NO
4483 YES
4484 NO
4485 NO
4486 NO
4487 NO
4488 NO
4489 NO
4490 NO
4491 NO
4492 NO
4493 YES
4494 NO
4495 NO
4496 NO
4497 NO
4498 NO
4499 NO
4500 NO
4501 NO
4502 NO
4503 NO
4504 NO
4505 NO
4506 NO
4507 NO
4508 NO
4509 NO
4510 NO
4511 NO
4512 NO
4513 YES
4514 NO
4515 NO
4516 NO
4517 NO
4518 NO
4519 NO
4520 NO
4521 NO
4522 NO
4523 YES
4524 NO
4525 NO
4526 NO
4527 YES
4528 NO
4529 NO
4530 NO
4531 NO
4532 NO
4533 NO
4534 NO
4535 NO
4536 NO
4537 NO
4538 NO
4539 NO
4540 NO
4541 NO
4542 NO
4543 NO
4544 NO
4545 NO
4546 NO
4547 NO
4548 NO
4549 NO
4550 NO
4551 NO
4552 NO
4553 NO
4554 NO
4555 NO
4556 NO
4557 NO
4558 NO
4559 NO
4560 NO
4561 NO
4562 NO
4563 YES
4564 NO
4565 NO
4566 NO
4567 NO
4568 NO
4569 YES
4570 NO
4571 NO
4572 NO
4573 NO
4574 NO
4575 NO
4576 NO
4577 NO
4578 NO
4579 NO
4580 NO
4581 NO
4582 NO
4583 YES
4584 NO
4585 NO
4586 NO
4587 NO
4588 NO
4589 YES
4590 NO
4591 NO
4592 NO
4593 NO
4594 NO
4595 NO
4596 NO
4597 NO
4598 NO
4599 NO
4600 NO
4601 NO
4602 NO
4603 YES
4604 NO
4605 NO
4606 NO
4607 NO
4608 NO
4609 NO
4610 NO
4611 NO
4612 NO
4613 NO
4614 NO
4615 NO
4616 NO
4617 NO
4618 NO
4619 NO
4620 NO
4621 NO
4622 NO
4623 NO
4624 NO
4625 NO
4626 NO
4627 NO
4628 NO
4629 YES
4630 NO
4631 NO
4632 NO
4633 NO
4634 NO
4635 NO
4636 NO
4637 NO
4638 NO
4639 NO
4640 NO
4641 NO
4642 NO
4643 YES
4644 NO
4645 NO
4646 NO
4647 NO
4648 NO
4649 NO
4650 NO
4651 NO
4652 NO
4653 NO
4654 NO
4655 NO
4656 NO
4657 NO
4658 NO
4659 YES
4660 NO
4661 NO
4662 NO
4663 YES
4664 NO
4665 NO
4666 NO
4667 NO
4668 NO
4669 NO
4670 NO
4671 YES
4672 NO
4673 YES
4674 NO
4675 NO
4676 NO
4677 NO
4678 NO
4679 NO
4680 NO
4681 NO
4682 NO
4683 NO
4684 NO
4685 NO
4686 NO
4687 NO
4688 NO
4689 NO
4690 NO
4691 NO
4692 NO
4693 NO
4694 NO
4695 NO
4696 NO
4697 NO
4698 NO
4699 NO
4700 NO
4701 NO
4702 NO
4703 YES
4704 NO
4705 NO
4706 NO
4707 YES
4708 NO
4709 NO
4710 NO
4711 NO
4712 NO
4713 NO
4714 NO
4715 NO
4716 NO
4717 NO
4718 NO
4719 NO
4720 NO
4721 NO
4722 NO
4723 YES
4724 NO
4725 NO
4726 NO
4727 NO
4728 NO
4729 NO
4730 NO
4731 NO
4732 NO
4733 YES
4734 NO
4735 NO
4736 NO
4737 NO
4738 NO
4739 NO
4740 NO
4741 NO
4742 NO
4743 NO
4744 NO
4745 NO
4746 NO
4747 NO
4748 NO
4749 YES
4750 NO
4751 NO
4752 NO
4753 NO
4754 NO
4755 NO
4756 NO
4757 NO
4758 NO
4759 NO
4760 NO
4761 YES
4762 NO
4763 NO
4764 NO
4765 NO
4766 NO
4767 NO
4768 NO
4769 NO
4770 NO
4771 NO
4772 NO
4773 NO
4774 NO
4775 NO
4776 NO
4777 NO
4778 NO
4779 NO
4780 NO
4781 NO
4782 NO
4783 YES
4784 NO
4785 NO
4786 NO
4787 NO
4788 NO
4789 NO
4790 NO
4791 NO
4792 NO
4793 YES
4794 NO
4795 NO
4796 NO
4797 NO
4798 NO
4799 NO
4800 NO
4801 NO
4802 NO
4803 NO
4804 NO
4805 NO
4806 NO
4807 NO
4808 NO
4809 NO
4810 NO
4811 NO
4812 NO
4813 YES
4814 NO
4815 NO
4816 NO
4817 NO
4818 NO
4819 NO
4820 NO
4821 NO
4822 NO
4823 NO
4824 NO
4825 NO
4826 NO
4827 NO
4828 NO
4829 NO
4830 NO
4831 NO
4832 NO
4833 NO
4834 NO
4835 NO
4836 NO
4837 NO
4838 NO
4839 YES
4840 NO
4841 NO
4842 NO
4843 NO
4844 NO
4845 NO
4846 NO
4847 NO
4848 NO
4849 YES
4850 NO
4851 NO
4852 NO
4853 NO
4854 NO
4855 NO
4856 NO
4857 NO
4858 NO
4859 YES
4860 NO
4861 NO
4862 NO
4863 NO
4864 NO
4865 NO
4866 NO
4867 NO
4868 NO
4869 NO
4870 NO
4871 NO
4872 NO
4873 NO
4874 NO
4875 NO
4876 NO
4877 NO
4878 NO
4879 NO
4880 NO
4881 NO
4882 NO
4883 NO
4884 NO
4885 NO
4886 NO
4887 NO
4888 NO
4889 NO
4890 NO
4891 NO
4892 NO
4893 NO
4894 NO
4895 NO
4896 NO
4897 NO
4898 NO
4899 NO
4900 NO
4901 NO
4902 NO
4903 YES
4904 NO
4905 NO
4906 NO
4907 NO
4908 NO
4909 NO
4910 NO
4911 NO
4912 NO
4913 NO
4914 NO
4915 NO
4916 NO
4917 NO
4918 NO
4919 NO
4920 NO
4921 NO
4922 NO
4923 NO
4924 NO
4925 NO
4926 NO
4927 NO
4928 NO
4929 NO
4930 NO
4931 NO
4932 NO
4933 YES
4934 NO
4935 NO
4936 NO
4937 NO
4938 NO
4939 NO
4940 NO
4941 NO
4942 NO
4943 YES
4944 NO
4945 NO
4946 NO
4947 NO
4948 NO
4949 NO
4950 NO
4951 NO
4952 NO
4953 NO
4954 NO
4955 NO
4956 NO
4957 NO
4958 NO
4959 NO
4960 NO
4961 NO
4962 NO
4963 NO
4964 NO
4965 NO
4966 NO
4967 NO
4968 NO
4969 NO
4970 NO
4971 NO
4972 NO
4973 YES
4974 NO
4975 NO
4976 NO
4977 NO
4978 NO
4979 YES
4980 NO
4981 NO
4982 NO
4983 NO
4984 NO
4985 NO
4986 NO
4987 NO
4988 NO
4989 YES
4990 NO
4991 NO
4992 NO
4993 YES
4994 NO
4995 NO
4996 NO
4997 NO
4998 NO
4999 NO
5000 NO
5001 NO
5002 NO
5003 YES
5004 NO
5005 NO
5006 NO
5007 NO
5008 NO
5009 NO
5010 NO
5011 NO
5012 NO
5013 NO
5014 NO
5015 NO
5016 NO
5017 NO
5018 NO
5019 NO
5020 NO
5021 NO
5022 NO
5023 YES
5024 NO
5025 NO
5026 NO
5027 NO
5028 NO
5029 NO
5030 NO
5031 YES
5032 NO
5033 NO
5034 NO
5035 NO
5036 NO
5037 YES
5038 NO
5039 NO
5040 NO
5041 NO
5042 NO
5043 NO
5044 NO
5045 NO
5046 NO
5047 NO
5048 NO
5049 NO
5050 NO
5051 NO
5052 NO
5053 NO
5054 NO
5055 NO
5056 NO
5057 NO
5058 NO
5059 NO
5060 NO
5061 NO
5062 NO
5063 NO
5064 NO
5065 NO
5066 NO
5067 YES
5068 NO
5069 NO
5070 NO
5071 NO
5072 NO
5073 NO
5074 NO
5075 NO
5076 NO
5077 NO
5078 NO
5079 YES
5080 NO
5081 NO
5082 NO
5083 NO
5084 NO
5085 NO
5086 NO
5087 NO
5088 NO
5089 NO
5090 NO
5091 NO
5092 NO
5093 NO
5094 NO
5095 NO
5096 NO
5097 NO
5098 NO
5099 NO
5100 NO
5101 NO
5102 NO
5103 NO
5104 NO
5105 NO
5106 NO
5107 NO
5108 NO
5109 NO
5110 NO
5111 NO
5112 NO
5113 YES
5114 NO
5115 NO
5116 NO
5117 NO
5118 NO
5119 NO
5120 NO
5121 NO
5122 NO
5123 NO
5124 NO
5125 NO
5126 NO
5127 NO
5128 NO
5129 YES
5130 NO
5131 NO
5132 NO
5133 NO
5134 NO
5135 NO
5136 NO
5137 NO
5138 NO
5139 NO
5140 NO
5141 NO
5142 NO
5143 NO
5144 NO
5145 NO
5146 NO
5147 NO
5148 NO
5149 NO
5150 NO
5151 NO
5152 NO
5153 YES
5154 NO
5155 NO
5156 NO
5157 NO
5158 NO
5159 NO
5160 NO
5161 NO
5162 NO
5163 NO
5164 NO
5165 NO
5166 NO
5167 NO
5168 NO
5169 YES
5170 NO
5171 NO
5172 NO
5173 NO
5174 NO
5175 NO
5176 NO
5177 NO
5178 NO
5179 NO
5180 NO
5181 NO
5182 NO
5183 NO
5184 NO
5185 NO
5186 NO
5187 NO
5188 NO
5189 NO
5190 NO
5191 NO
5192 NO
5193 NO
5194 NO
5195 NO
5196 NO
5197 NO
5198 NO
5199 YES
5200 NO
5201 NO
5202 NO
5203 NO
5204 NO
5205 NO
5206 NO
5207 NO
5208 NO
5209 NO
5210 NO
5211 YES
5212 NO
5213 NO
5214 NO
5215 NO
5216 NO
5217 NO
5218 NO
5219 NO
5220 NO
5221 NO
5222 NO
5223 NO
5224 NO
5225 NO
5226 NO
5227 NO
5228 NO
5229 NO
5230 NO
5231 NO
5232 NO
5233 YES
5234 NO
5235 NO
5236 NO
5237 NO
5238 NO
5239 NO
5240 NO
5241 NO
5242 NO
5243 NO
5244 NO
5245 NO
5246 NO
5247 NO
5248 NO
5249 NO
5250 NO
5251 NO
5252 NO
5253 NO
5254 NO
5255 NO
5256 NO
5257 NO
5258 NO
5259 YES
5260 NO
5261 NO
5262 NO
5263 NO
5264 NO
5265 NO
5266 NO
5267 NO
5268 NO
5269 NO
5270 NO
5271 NO
5272 NO
5273 YES
5274 NO
5275 NO
5276 NO
5277 NO
5278 NO
5279 NO
5280 NO
5281 NO
5282 NO
5283 NO
5284 NO
5285 NO
5286 NO
5287 NO
5288 NO
5289 NO
5290 NO
5291 NO
5292 NO
5293 NO
5294 NO
5295 NO
5296 NO
5297 NO
5298 NO
5299 NO
5300 NO
5301 NO
5302 NO
5303 YES
5304 NO
5305 NO
5306 NO
5307 NO
5308 NO
5309 NO
5310 NO
5311 NO
5312 NO
5313 NO
5314 NO
5315 NO
5316 NO
5317 NO
5318 NO
5319 NO
5320 NO
5321 NO
5322 NO
5323 YES
5324 NO
5325 NO
5326 NO
5327 NO
5328 NO
5329 YES
5330 NO
5331 NO
5332 NO
5333 YES
5334 NO
5335 NO
5336 NO
5337 YES
5338 NO
5339 NO
5340 NO
5341 NO
5342 NO
5343 NO
5344 NO
5345 NO
5346 NO
5347 NO
5348 NO
5349 YES
5350 NO
5351 NO
5352 NO
5353 NO
5354 NO
5355 NO
5356 NO
5357 NO
5358 NO
5359 YES
5360 NO
5361 NO
5362 NO
5363 NO
5364 NO
5365 NO
5366 NO
5367 NO
5368 NO
5369 NO
5370 NO
5371 NO
5372 NO
5373 NO
5374 NO
5375 NO
5376 NO
5377 NO
5378 NO
5379 NO
5380 NO
5381 NO
5382 NO
5383 NO
5384 NO
5385 NO
5386 NO
5387 NO
5388 NO
5389 NO
5390 NO
5391 NO
5392 NO
5393 YES
5394 NO
5395 NO
5396 NO
5397 NO
5398 NO
5399 NO
5400 NO
5401 NO
5402 NO
5403 NO
5404 NO
5405 NO
5406 NO
5407 NO
5408 NO
5409 NO
5410 NO
5411 NO
5412 NO
5413 YES
5414 NO
5415 NO
5416 NO
5417 NO
5418 NO
5419 NO
5420 NO
5421 NO
5422 NO
5423 NO
5424 NO
5425 NO
5426 NO
5427 NO
5428 NO
5429 NO
5430 NO
5431 NO
5432 NO
5433 NO
5434 NO
5435 NO
5436 NO
5437 NO
5438 NO
5439 NO
5440 NO
5441 NO
5442 NO
5443 YES
5444 NO
5445 NO
5446 NO
5447 NO
5448 NO
5449 NO
5450 NO
5451 NO
5452 NO
5453 NO
5454 NO
5455 NO
5456 NO
5457 NO
5458 NO
5459 YES
5460 NO
5461 NO
5462 NO
5463 NO
5464 NO
5465 NO
5466 NO
5467 NO
5468 NO
5469 YES
5470 NO
5471 NO
5472 NO
5473 NO
5474 NO
5475 NO
5476 NO
5477 NO
5478 NO
5479 NO
5480 NO
5481 NO
5482 NO
5483 YES
5484 NO
5485 NO
5486 NO
5487 NO
5488 NO
5489 NO
5490 NO
5491 NO
5492 NO
5493 NO
5494 NO
5495 NO
5496 NO
5497 NO
5498 NO
5499 NO
5500 NO
5501 NO
5502 NO
5503 YES
5504 NO
5505 NO
5506 NO
5507 NO
5508 NO
5509 NO
5510 NO
5511 NO
5512 NO
5513 NO
5514 NO
5515 NO
5516 NO
5517 YES
5518 NO
5519 NO
5520 NO
5521 NO
5522 NO
5523 NO
5524 NO
5525 NO
5526 NO
5527 NO
5528 NO
5529 NO
5530 NO
5531 NO
5532 NO
5533 NO
5534 NO
5535 NO
5536 NO
5537 NO
5538 NO
5539 NO
5540 NO
5541 NO
5542 NO
5543 NO
5544 NO
5545 NO
5546 NO
5547 YES
5548 NO
5549 NO
5550 NO
5551 NO
5552 NO
5553 NO
5554 NO
5555 NO
5556 NO
5557 NO
5558 NO
5559 NO
5560 NO
5561 NO
5562 NO
5563 YES
5564 NO
5565 NO
5566 NO
5567 NO
5568 NO
5569 NO
5570 NO
5571 NO
5572 NO
5573 YES
5574 NO
5575 NO
5576 NO
5577 NO
5578 NO
5579 NO
5580 NO
5581 NO
5582 NO
5583 NO
5584 NO
5585 NO
5586 NO
5587 NO
5588 NO
5589 YES
5590 NO
5591 NO
5592 NO
5593 NO
5594 NO
5595 NO
5596 NO
5597 NO
5598 NO
5599 NO
5600 NO
5601 NO
5602 NO
5603 NO
5604 NO
5605 NO
5606 NO
5607 NO
5608 NO
5609 NO
5610 NO
5611 NO
5612 NO
5613 NO
5614 NO
5615 NO
5616 NO
5617 NO
5618 NO
5619 YES
5620 NO
5621 NO
5622 NO
5623 YES
5624 NO
5625 NO
5626 NO
5627 NO
5628 NO
5629 YES
5630 NO
5631 NO
5632 NO
5633 NO
5634 NO
5635 NO
5636 NO
5637 NO
5638 NO
5639 NO
5640 NO
5641 NO
5642 NO
5643 NO
5644 NO
5645 NO
5646 NO
5647 NO
5648 NO
5649 NO
5650 NO
5651 NO
5652 NO
5653 YES
5654 NO
5655 NO
5656 NO
5657 NO
5658 NO
5659 NO
5660 NO
5661 NO
5662 NO
5663 NO
5664 NO
5665 NO
5666 NO
5667 NO
5668 NO
5669 NO
5670 NO
5671 NO
5672 NO
5673 NO
5674 NO
5675 NO
5676 NO
5677 NO
5678 NO
5679 NO
5680 NO
5681 NO
5682 NO
5683 YES
5684 NO
5685 NO
5686 NO
5687 NO
5688 NO
5689 NO
5690 NO
5691 NO
5692 NO
5693 YES
5694 NO
5695 NO
5696 NO
5697 NO
5698 NO
5699 NO
5700 NO
5701 NO
5702 NO
5703 NO
5704 NO
5705 NO
5706 NO
5707 NO
5708 NO
5709 NO
5710 NO
5711 NO
5712 NO
5713 NO
5714 NO
5715 NO
5716 NO
5717 NO
5718 NO
5719 NO
5720 NO
5721 NO
5722 NO
5723 NO
5724 NO
5725 NO
5726 NO
5727 YES
5728 NO
5729 NO
5730 NO
5731 NO
5732 NO
5733 NO
5734 NO
5735 NO
5736 NO
5737 NO
5738 NO
5739 YES
5740 NO
5741 NO
5742 NO
5743 YES
5744 NO
5745 NO
5746 NO
5747 NO
5748 NO
5749 NO
5750 NO
5751 NO
5752 NO
5753 NO
5754 NO
5755 NO
5756 NO
5757 NO
5758 NO
5759 YES
5760 NO
5761 NO
5762 NO
5763 NO
5764 NO
5765 NO
5766 NO
5767 NO
5768 NO
5769 NO
5770 NO
5771 NO
5772 NO
5773 NO
5774 NO
5775 NO
5776 NO
5777 NO
5778 NO
5779 NO
5780 NO
5781 NO
5782 NO
5783 YES
5784 NO
5785 NO
5786 NO
5787 YES
5788 NO
5789 NO
5790 NO
5791 NO
5792 NO
5793 NO
5794 NO
5795 NO
5796 NO
5797 NO
5798 NO
5799 YES
5800 NO
5801 NO
5802 NO
5803 NO
5804 NO
5805 NO
5806 NO
5807 NO
5808 NO
5809 NO
5810 NO
5811 NO
5812 NO
5813 YES
5814 NO
5815 NO
5816 NO
5817 NO
5818 NO
5819 NO
5820 NO
5821 NO
5822 NO
5823 NO
5824 NO
5825 NO
5826 NO
5827 NO
5828 NO
5829 NO
5830 NO
5831 NO
5832 NO
5833 NO
5834 NO
5835 NO
5836 NO
5837 NO
5838 NO
5839 NO
5840 NO
5841 NO
5842 NO
5843 YES
5844 NO
5845 NO
5846 NO
5847 NO
5848 NO
5849 NO
5850 NO
5851 NO
5852 NO
5853 NO
5854 NO
5855 NO
5856 NO
5857 NO
5858 NO
5859 NO
5860 NO
5861 NO
5862 NO
5863 NO
5864 NO
5865 NO
5866 NO
5867 NO
5868 NO
5869 NO
5870 NO
5871 NO
5872 NO
5873 NO
5874 NO
5875 NO
5876 NO
5877 YES
5878 NO
5879 NO
5880 NO
5881 NO
5882 NO
5883 NO
5884 NO
5885 NO
5886 NO
5887 NO
5888 NO
5889 NO
5890 NO
5891 NO
5892 NO
5893 NO
5894 NO
5895 NO
5896 NO
5897 NO
5898 NO
5899 NO
5900 NO
5901 NO
5902 NO
5903 YES
5904 NO
5905 NO
5906 NO
5907 NO
5908 NO
5909 NO
5910 NO
5911 NO
5912 NO
5913 YES
5914 NO
5915 NO
5916 NO
5917 NO
5918 NO
5919 YES
5920 NO
5921 NO
5922 NO
5923 YES
5924 NO
5925 NO
5926 NO
5927 NO
5928 NO
5929 NO
5930 NO
5931 NO
5932 NO
5933 NO
5934 NO
5935 NO
5936 NO
5937 NO
5938 NO
5939 NO
5940 NO
5941 NO
5942 NO
5943 NO
5944 NO
5945 NO
5946 NO
5947 NO
5948 NO
5949 NO
5950 NO
5951 NO
5952 NO
5953 YES
5954 NO
5955 NO
5956 NO
5957 NO
5958 NO
5959 NO
5960 NO
5961 NO
5962 NO
5963 NO
5964 NO
5965 NO
5966 NO
5967 NO
5968 NO
5969 NO
5970 NO
5971 NO
5972 NO
5973 NO
5974 NO
5975 NO
5976 NO
5977 NO
5978 NO
5979 YES
5980 NO
5981 NO
5982 NO
5983 NO
5984 NO
5985 NO
5986 NO
5987 NO
5988 NO
5989 YES
5990 NO
5991 NO
5992 NO
5993 NO
5994 NO
5995 NO
5996 NO
5997 NO
5998 NO
5999 NO
6000 NO
6001 NO
6002 NO
6003 NO
6004 NO
6005 NO
6006 NO
6007 NO
6008 NO
6009 YES
6010 NO
6011 NO
6012 NO
6013 NO
6014 NO
6015 NO
6016 NO
6017 NO
6018 NO
6019 YES
6020 NO
6021 YES
6022 NO
6023 NO
6024 NO
6025 NO
6026 NO
6027 NO
6028 NO
6029 NO
6030 NO
6031 NO
6032 NO
6033 NO
6034 NO
6035 NO
6036 NO
6037 NO
6038 NO
6039 NO
6040 NO
6041 NO
6042 NO
6043 YES
6044 NO
6045 NO
6046 NO
6047 NO
6048 NO
6049 YES
6050 NO
6051 NO
6052 NO
6053 YES
6054 NO
6055 NO
6056 NO
6057 YES
6058 NO
6059 YES
6060 NO
6061 NO
6062 NO
6063 NO
6064 NO
6065 NO
6066 NO
6067 NO
6068 NO
6069 NO
6070 NO
6071 NO
6072 NO
6073 YES
6074 NO
6075 NO
6076 NO
6077 NO
6078 NO
6079 NO
6080 NO
6081 NO
6082 NO
6083 NO
6084 NO
6085 NO
6086 NO
6087 NO
6088 NO
6089 NO
6090 NO
6091 NO
6092 NO
6093 NO
6094 NO
6095 NO
6096 NO
6097 NO
6098 NO
6099 NO
6100 NO
6101 NO
6102 NO
6103 NO
6104 NO
6105 NO
6106 NO
6107 NO
6108 NO
6109 NO
6110 NO
6111 NO
6112 NO
6113 YES
6114 NO
6115 NO
6116 NO
6117 NO
6118 NO
6119 NO
6120 NO
6121 NO
6122 NO
6123 NO
6124 NO
6125 NO
6126 NO
6127 NO
6128 NO
6129 NO
6130 NO
6131 NO
6132 NO
6133 YES
6134 NO
6135 NO
6136 NO
6137 NO
6138 NO
6139 NO
6140 NO
6141 NO
6142 NO
6143 YES
6144 NO
6145 NO
6146 NO
6147 YES
6148 NO
6149 NO
6150 NO
6151 NO
6152 NO
6153 NO
6154 NO
6155 NO
6156 NO
6157 NO
6158 NO
6159 YES
6160 NO
6161 NO
6162 NO
6163 YES
6164 NO
6165 NO
6166 NO
6167 NO
6168 NO
6169 NO
6170 NO
6171 NO
6172 NO
6173 YES
6174 NO
6175 NO
6176 NO
6177 NO
6178 NO
6179 NO
6180 NO
6181 NO
6182 NO
6183 NO
6184 NO
6185 NO
6186 NO
6187 NO
6188 NO
6189 YES
6190 NO
6191 NO
6192 NO
6193 NO
6194 NO
6195 NO
6196 NO
6197 NO
6198 NO
6199 NO
6200 NO
6201 YES
6202 NO
6203 YES
6204 NO
6205 NO
6206 NO
6207 NO
6208 NO
6209 NO
6210 NO
6211 NO
6212 NO
6213 NO
6214 NO
6215 NO
6216 NO
6217 NO
6218 NO
6219 NO
6220 NO
6221 NO
6222 NO
6223 NO
6224 NO
6225 NO
6226 NO
6227 NO
6228 NO
6229 NO
6230 NO
6231 NO
6232 NO
6233 NO
6234 NO
6235 NO
6236 NO
6237 NO
6238 NO
6239 NO
6240 NO
6241 NO
6242 NO
6243 NO
6244 NO
6245 NO
6246 NO
6247 NO
6248 NO
6249 YES
6250 NO
6251 NO
6252 NO
6253 NO
6254 NO
6255 NO
6256 NO
6257 NO
6258 NO
6259 NO
6260 NO
6261 NO
6262 NO
6263 YES
6264 NO
6265 NO
6266 NO
6267 NO
6268 NO
6269 NO
6270 NO
6271 NO
6272 NO
6273 NO
6274 NO
6275 NO
6276 NO
6277 NO
6278 NO
6279 NO
6280 NO
6281 NO
6282 NO
6283 NO
6284 NO
6285 NO
6286 NO
6287 NO
6288 NO
6289 NO
6290 NO
6291 YES
6292 NO
6293 NO
6294 NO
6295 NO
6296 NO
6297 NO
6298 NO
6299 NO
6300 NO
6301 NO
6302 NO
6303 NO
6304 NO
6305 NO
6306 NO
6307 NO
6308 NO
6309 NO
6310 NO
6311 NO
6312 NO
6313 NO
6314 NO
6315 NO
6316 NO
6317 NO
6318 NO
6319 NO
6320 NO
6321 NO
6322 NO
6323 YES
6324 NO
6325 NO
6326 NO
6327 NO
6328 NO
6329 NO
6330 NO
6331 NO
6332 NO
6333 NO
6334 NO
6335 NO
6336 NO
6337 NO
6338 NO
6339 YES
6340 NO
6341 NO
6342 NO
6343 YES
6344 NO
6345 NO
6346 NO
6347 NO
6348 NO
6349 NO
6350 NO
6351 NO
6352 NO
6353 YES
6354 NO
6355 NO
6356 NO
6357 YES
6358 NO
6359 NO
6360 NO
6361 NO
6362 NO
6363 NO
6364 NO
6365 NO
6366 NO
6367 NO
6368 NO
6369 NO
6370 NO
6371 NO
6372 NO
6373 YES
6374 NO
6375 NO
6376 NO
6377 NO
6378 NO
6379 NO
6380 NO
6381 NO
6382 NO
6383 NO
6384 NO
6385 NO
6386 NO
6387 NO
6388 NO
6389 NO
6390 NO
6391 NO
6392 NO
6393 NO
6394 NO
6395 NO
6396 NO
6397 NO
6398 NO
6399 NO
6400 NO
6401 NO
6402 NO
6403 NO
6404 NO
6405 NO
6406 NO
6407 NO
6408 NO
6409 NO
6410 NO
6411 NO
6412 NO
6413 NO
6414 NO
6415 NO
6416 NO
6417 NO
6418 NO
6419 NO
6420 NO
6421 NO
6422 NO
6423 NO
6424 NO
6425 NO
6426 NO
6427 NO
6428 NO
6429 YES
6430 NO
6431 NO
6432 NO
6433 NO
6434 NO
6435 NO
6436 NO
6437 NO
6438 NO
6439 NO
6440 NO
6441 NO
6442 NO
6443 NO
6444 NO
6445 NO
6446 NO
6447 NO
6448 NO
6449 NO
6450 NO
6451 NO
6452 NO
6453 NO
6454 NO
6455 NO
6456 NO
6457 NO
6458 NO
6459 YES
6460 NO
6461 NO
6462 NO
6463 NO
6464 NO
6465 NO
6466 NO
6467 NO
6468 NO
6469 NO
6470 NO
6471 NO
6472 NO
6473 YES
6474 NO
6475 NO
6476 NO
6477 NO
6478 NO
6479 NO
6480 NO
6481 NO
6482 NO
6483 NO
6484 NO
6485 NO
6486 NO
6487 NO
6488 NO
6489 NO
6490 NO
6491 NO
6492 NO
6493 NO
6494 NO
6495 NO
6496 NO
6497 NO
6498 NO
6499 NO
6500 NO
6501 NO
6502 NO
6503 NO
6504 NO
6505 NO
6506 NO
6507 NO
6508 NO
6509 YES
6510 NO
6511 NO
6512 NO
6513 NO
6514 NO
6515 NO
6516 NO
6517 NO
6518 NO
6519 NO
6520 NO
6521 NO
6522 NO
6523 NO
6524 NO
6525 NO
6526 NO
6527 NO
6528 NO
6529 NO
6530 NO
6531 NO
6532 NO
6533 NO
6534 NO
6535 NO
6536 NO
6537 NO
6538 NO
6539 YES
6540 NO
6541 NO
6542 NO
6543 NO
6544 NO
6545 NO
6546 NO
6547 NO
6548 NO
6549 NO
6550 NO
6551 NO
6552 NO
6553 YES
6554 NO
6555 NO
6556 NO
6557 NO
6558 NO
6559 NO
6560 NO
6561 YES
6562 NO
6563 YES
6564 NO
6565 NO
6566 NO
6567 NO
6568 NO
6569 NO
6570 NO
6571 NO
6572 NO
6573 NO
6574 NO
6575 NO
6576 NO
6577 NO
6578 NO
6579 NO
6580 NO
6581 NO
6582 NO
6583 NO
6584 NO
6585 NO
6586 NO
6587 NO
6588 NO
6589 NO
6590 NO
6591 YES
6592 NO
6593 NO
6594 NO
6595 NO
6596 NO
6597 YES
6598 NO
6599 NO
6600 NO
6601 NO
6602 NO
6603 NO
6604 NO
6605 NO
6606 NO
6607 NO
6608 NO
6609 YES
6610 NO
6611 NO
6612 NO
6613 NO
6614 NO
6615 NO
6616 NO
6617 NO
6618 NO
6619 NO
6620 NO
6621 NO
6622 NO
6623 NO
6624 NO
6625 NO
6626 NO
6627 NO
6628 NO
6629 NO
6630 NO
6631 NO
6632 NO
6633 NO
6634 NO
6635 NO
6636 NO
6637 NO
6638 NO
6639 YES
6640 NO
6641 NO
6642 NO
6643 NO
6644 NO
6645 NO
6646 NO
6647 NO
6648 NO
6649 NO
6650 NO
6651 NO
6652 NO
6653 YES
6654 NO
6655 NO
6656 NO
6657 NO
6658 NO
6659 NO
6660 NO
6661 NO
6662 NO
6663 NO
6664 NO
6665 NO
6666 NO
6667 NO
6668 NO
6669 NO
6670 NO
6671 NO
6672 NO
6673 YES
6674 NO
6675 NO
6676 NO
6677 NO
6678 NO
6679 NO
6680 NO
6681 NO
6682 NO
6683 NO
6684 NO
6685 NO
6686 NO
6687 YES
6688 NO
6689 NO
6690 NO
6691 NO
6692 NO
6693 NO
6694 NO
6695 NO
6696 NO
6697 NO
6698 NO
6699 NO
6700 NO
6701 NO
6702 NO
6703 YES
6704 NO
6705 NO
6706 NO
6707 NO
6708 NO
6709 NO
6710 NO
6711 NO
6712 NO
6713 NO
6714 NO
6715 NO
6716 NO
6717 NO
6718 NO
6719 NO
6720 NO
6721 NO
6722 NO
6723 YES
6724 NO
6725 NO
6726 NO
6727 NO
6728 NO
6729 YES
6730 NO
6731 NO
6732 NO
6733 YES
6734 NO
6735 NO
6736 NO
6737 NO
6738 NO
6739 YES
6740 NO
6741 NO
6742 NO
6743 NO
6744 NO
6745 NO
6746 NO
6747 YES
6748 NO
6749 NO
6750 NO
6751 NO
6752 NO
6753 NO
6754 NO
6755 NO
6756 NO
6757 NO
6758 NO
6759 NO
6760 NO
6761 NO
6762 NO
6763 YES
6764 NO
6765 NO
6766 NO
6767 NO
6768 NO
6769 NO
6770 NO
6771 NO
6772 NO
6773 NO
6774 NO
6775 NO
6776 NO
6777 NO
6778 NO
6779 NO
6780 NO
6781 NO
6782 NO
6783 NO
6784 NO
6785 NO
6786 NO
6787 NO
6788 NO
6789 NO
6790 NO
6791 NO
6792 NO
6793 YES
6794 NO
6795 NO
6796 NO
6797 NO
6798 NO
6799 YES
6800 NO
6801 NO
6802 NO
6803 YES
6804 NO
6805 NO
6806 NO
6807 NO
6808 NO
6809 NO
6810 NO
6811 NO
6812 NO
6813 NO
6814 NO
6815 NO
6816 NO
6817 NO
6818 NO
6819 YES
6820 NO
6821 NO
6822 NO
6823 YES
6824 NO
6825 NO
6826 NO
6827 NO
6828 NO
6829 NO
6830 NO
6831 NO
6832 NO
6833 YES
6834 NO
6835 NO
6836 NO
6837 YES
6838 NO
6839 NO
6840 NO
6841 NO
6842 NO
6843 NO
6844 NO
6845 NO
6846 NO
6847 NO
6848 NO
6849 NO
6850 NO
6851 NO
6852 NO
6853 NO
6854 NO
6855 NO
6856 NO
6857 NO
6858 NO
6859 NO
6860 NO
6861 NO
6862 NO
6863 YES
6864 NO
6865 NO
6866 NO
6867 NO
6868 NO
6869 NO
6870 NO
6871 NO
6872 NO
6873 NO
6874 NO
6875 NO
6876 NO
6877 YES
6878 NO
6879 YES
6880 NO
6881 NO
6882 NO
6883 YES
6884 NO
6885 NO
6886 NO
6887 NO
6888 NO
6889 YES
6890 NO
6891 NO
6892 NO
6893 NO
6894 NO
6895 NO
6896 NO
6897 NO
6898 NO
6899 NO
6900 NO
6901 NO
6902 NO
6903 NO
6904 NO
6905 NO
6906 NO
6907 NO
6908 NO
6909 NO
6910 NO
6911 NO
6912 NO
6913 NO
6914 NO
6915 NO
6916 NO
6917 NO
6918 NO
6919 NO
6920 NO
6921 NO
6922 NO
6923 NO
6924 NO
6925 NO
6926 NO
6927 NO
6928 NO
6929 NO
6930 NO
6931 NO
6932 NO
6933 NO
6934 NO
6935 NO
6936 NO
6937 NO
6938 NO
6939 NO
6940 NO
6941 NO
6942 NO
6943 NO
6944 NO
6945 NO
6946 NO
6947 NO
6948 NO
6949 NO
6950 NO
6951 NO
6952 NO
6953 NO
6954 NO
6955 NO
6956 NO
6957 YES
6958 NO
6959 NO
6960 NO
6961 NO
6962 NO
6963 NO
6964 NO
6965 NO
6966 NO
6967 NO
6968 NO
6969 NO
6970 NO
6971 NO
6972 NO
6973 NO
6974 NO
6975 NO
6976 NO
6977 NO
6978 NO
6979 NO
6980 NO
6981 NO
6982 NO
6983 YES
6984 NO
6985 NO
6986 NO
6987 NO
6988 NO
6989 NO
6990 NO
6991 NO
6992 NO
6993 NO
6994 NO
6995 NO
6996 NO
6997 NO
6998 NO
6999 YES
7000 NO
7001 NO
7002 NO
7003 NO
7004 NO
7005 NO
7006 NO
7007 NO
7008 NO
7009 YES
7010 NO
7011 NO
7012 NO
7013 YES
7014 NO
7015 NO
7016 NO
7017 NO
7018 NO
7019 NO
7020 NO
7021 NO
7022 NO
7023 NO
7024 NO
7025 NO
7026 NO
7027 NO
7028 NO
7029 NO
7030 NO
7031 NO
7032 NO
7033 NO
7034 NO
7035 NO
7036 NO
7037 NO
7038 NO
7039 NO
7040 NO
7041 NO
7042 NO
7043 YES
7044 NO
7045 NO
7046 NO
7047 NO
7048 NO
7049 NO
7050 NO
7051 NO
7052 NO
7053 NO
7054 NO
7055 NO
7056 NO
7057 NO
7058 NO
7059 NO
7060 NO
7061 NO
7062 NO
7063 NO
7064 NO
7065 NO
7066 NO
7067 NO
7068 NO
7069 NO
7070 NO
7071 NO
7072 NO
7073 NO
7074 NO
7075 NO
7076 NO
7077 NO
7078 NO
7079 NO
7080 NO
7081 NO
7082 NO
7083 NO
7084 NO
7085 NO
7086 NO
7087 NO
7088 NO
7089 NO
7090 NO
7091 NO
7092 NO
7093 NO
7094 NO
7095 NO
7096 NO
7097 NO
7098 NO
7099 NO
7100 NO
7101 YES
7102 NO
7103 YES
7104 NO
7105 NO
7106 NO
7107 YES
7108 NO
7109 NO
7110 NO
7111 NO
7112 NO
7113 NO
7114 NO
7115 NO
7116 NO
7117 NO
7118 NO
7119 NO
7120 NO
7121 NO
7122 NO
7123 NO
7124 NO
7125 NO
7126 NO
7127 NO
7128 NO
7129 NO
7130 NO
7131 NO
7132 NO
7133 NO
7134 NO
7135 NO
7136 NO
7137 NO
7138 NO
7139 NO
7140 NO
7141 NO
7142 NO
7143 NO
7144 NO
7145 NO
7146 NO
7147 NO
7148 NO
7149 YES
7150 NO
7151 NO
7152 NO
7153 NO
7154 NO
7155 NO
7156 NO
7157 NO
7158 NO
7159 NO
7160 NO
7161 NO
7162 NO
7163 NO
7164 NO
7165 NO
7166 NO
7167 NO
7168 NO
7169 NO
7170 NO
7171 NO
7172 NO
7173 NO
7174 NO
7175 NO
7176 NO
7177 NO
7178 NO
7179 YES
7180 NO
7181 NO
7182 NO
7183 NO
7184 NO
7185 NO
7186 NO
7187 NO
7188 NO
7189 NO
7190 NO
7191 NO
7192 NO
7193 YES
7194 NO
7195 NO
7196 NO
7197 NO
7198 NO
7199 YES
7200 NO
7201 NO
7202 NO
7203 NO
7204 NO
7205 NO
7206 NO
7207 NO
7208 NO
7209 NO
7210 NO
7211 NO
7212 NO
7213 YES
7214 NO
7215 NO
7216 NO
7217 NO
7218 NO
7219 NO
7220 NO
7221 NO
7222 NO
7223 NO
7224 NO
7225 NO
7226 NO
7227 NO
7228 NO
7229 NO
7230 NO
7231 NO
7232 NO
7233 NO
7234 NO
7235 NO
7236 NO
7237 NO
7238 NO
7239 NO
7240 NO
7241 NO
7242 NO
7243 YES
7244 NO
7245 NO
7246 NO
7247 NO
7248 NO
7249 NO
7250 NO
7251 NO
7252 NO
7253 YES
7254 NO
7255 NO
7256 NO
7257 NO
7258 NO
7259 NO
7260 NO
7261 NO
7262 NO
7263 NO
7264 NO
7265 NO
7266 NO
7267 YES
7268 NO
7269 YES
7270 NO
7271 NO
7272 NO
7273 NO
7274 NO
7275 NO
7276 NO
7277 NO
7278 NO
7279 NO
7280 NO
7281 NO
7282 NO
7283 YES
7284 NO
7285 NO
7286 NO
7287 NO
7288 NO
7289 NO
7290 NO
7291 NO
7292 NO
7293 NO
7294 NO
7295 NO
7296 NO
7297 NO
7298 NO
7299 NO
7300 NO
7301 NO
7302 NO
7303 NO
7304 NO
7305 NO
7306 NO
7307 NO
7308 NO
7309 NO
7310 NO
7311 NO
7312 NO
7313 NO
7314 NO
7315 NO
7316 NO
7317 NO
7318 NO
7319 YES
7320 NO
7321 NO
7322 NO
7323 NO
7324 NO
7325 NO
7326 NO
7327 NO
7328 NO
7329 NO
7330 NO
7331 NO
7332 NO
7333 YES
7334 NO
7335 NO
7336 NO
7337 NO
7338 NO
7339 NO
7340 NO
7341 NO
7342 NO
7343 NO
7344 NO
7345 NO
7346 NO
7347 NO
7348 NO
7349 NO
7350 NO
7351 NO
7352 NO
7353 NO
7354 NO
7355 NO
7356 NO
7357 NO
7358 NO
7359 NO
7360 NO
7361 NO
7362 NO
7363 NO
7364 NO
7365 NO
7366 NO
7367 NO
7368 NO
7369 NO
7370 NO
7371 NO
7372 NO
7373 NO
7374 NO
7375 NO
7376 NO
7377 NO
7378 NO
7379 NO
7380 NO
7381 NO
7382 NO
7383 NO
7384 NO
7385 NO
7386 NO
7387 NO
7388 NO
7389 NO
7390 NO
7391 NO
7392 NO
7393 YES
7394 NO
7395 NO
7396 NO
7397 NO
7398 NO
7399 NO
7400 NO
7401 NO
7402 NO
7403 NO
7404 NO
7405 NO
7406 NO
7407 YES
7408 NO
7409 NO
7410 NO
7411 NO
7412 NO
7413 NO
7414 NO
7415 NO
7416 NO
7417 NO
7418 NO
7419 YES
7420 NO
7421 NO
7422 NO
7423 NO
7424 NO
7425 NO
7426 NO
7427 NO
7428 NO
7429 NO
7430 NO
7431 NO
7432 NO
7433 YES
7434 NO
7435 NO
7436 NO
7437 NO
7438 NO
7439 YES
7440 NO
7441 NO
7442 NO
7443 NO
7444 NO
7445 NO
7446 NO
7447 NO
7448 NO
7449 NO
7450 NO
7451 NO
7452 NO
7453 NO
7454 NO
7455 NO
7456 NO
7457 NO
7458 NO
7459 NO
7460 NO
7461 NO
7462 NO
7463 NO
7464 NO
7465 NO
7466 NO
7467 NO
7468 NO
7469 NO
7470 NO
7471 NO
7472 NO
7473 NO
7474 NO
7475 NO
7476 NO
7477 NO
7478 NO
7479 NO
7480 NO
7481 NO
7482 NO
7483 NO
7484 NO
7485 NO
7486 NO
7487 NO
7488 NO
7489 NO
7490 NO
7491 NO
7492 NO
7493 NO
7494 NO
7495 NO
7496 NO
7497 NO
7498 NO
7499 NO
7500 NO
7501 NO
7502 NO
7503 NO
7504 NO
7505 NO
7506 NO
7507 NO
7508 NO
7509 YES
7510 NO
7511 NO
7512 NO
7513 NO
7514 NO
7515 NO
7516 NO
7517 NO
7518 NO
7519 YES
7520 NO
7521 NO
7522 NO
7523 YES
7524 NO
7525 NO
7526 NO
7527 YES
7528 NO
7529 NO
7530 NO
7531 NO
7532 NO
7533 NO
7534 NO
7535 NO
7536 NO
7537 NO
7538 NO
7539 NO
7540 NO
7541 NO
7542 NO
7543 NO
7544 NO
7545 NO
7546 NO
7547 NO
7548 NO
7549 NO
7550 NO
7551 NO
7552 NO
7553 NO
7554 NO
7555 NO
7556 NO
7557 NO
7558 NO
7559 NO
7560 NO
7561 NO
7562 NO
7563 NO
7564 NO
7565 NO
7566 NO
7567 NO
7568 NO
7569 NO
7570 NO
7571 NO
7572 NO
7573 YES
7574 NO
7575 NO
7576 NO
7577 NO
7578 NO
7579 NO
7580 NO
7581 NO
7582 NO
7583 YES
7584 NO
7585 NO
7586 NO
7587 NO
7588 NO
7589 NO
7590 NO
7591 NO
7592 NO
7593 NO
7594 NO
7595 NO
7596 NO
7597 NO
7598 NO
7599 NO
7600 NO
7601 NO
7602 NO
7603 YES
7604 NO
7605 NO
7606 NO
7607 NO
7608 NO
7609 NO
7610 NO
7611 NO
7612 NO
7613 NO
7614 NO
7615 NO
7616 NO
7617 NO
7618 NO
7619 NO
7620 NO
7621 NO
7622 NO
7623 NO
7624 NO
7625 NO
7626 NO
7627 NO
7628 NO
7629 YES
7630 NO
7631 NO
7632 NO
7633 NO
7634 NO
7635 NO
7636 NO
7637 NO
7638 NO
7639 NO
7640 NO
7641 YES
7642 NO
7643 YES
7644 NO
7645 NO
7646 NO
7647 NO
7648 NO
7649 NO
7650 NO
7651 NO
7652 NO
7653 NO
7654 NO
7655 NO
7656 NO
7657 NO
7658 NO
7659 NO
7660 NO
7661 NO
7662 NO
7663 NO
7664 NO
7665 NO
7666 NO
7667 NO
7668 NO
7669 NO
7670 NO
7671 NO
7672 NO
7673 YES
7674 NO
7675 NO
7676 NO
7677 YES
7678 NO
7679 NO
7680 NO
7681 NO
7682 NO
7683 NO
7684 NO
7685 NO
7686 NO
7687 NO
7688 NO
7689 NO
7690 NO
7691 NO
7692 NO
7693 NO
7694 NO
7695 NO
7696 NO
7697 NO
7698 NO
7699 NO
7700 NO
7701 NO
7702 NO
7703 YES
7704 NO
7705 NO
7706 NO
7707 NO
7708 NO
7709 YES
7710 NO
7711 NO
7712 NO
7713 NO
7714 NO
7715 NO
7716 NO
7717 NO
7718 NO
7719 NO
7720 NO
7721 NO
7722 NO
7723 YES
7724 NO
7725 NO
7726 NO
7727 NO
7728 NO
7729 NO
7730 NO
7731 NO
7732 NO
7733 NO
7734 NO
7735 NO
7736 NO
7737 NO
7738 NO
7739 NO
7740 NO
7741 NO
7742 NO
7743 NO
7744 NO
7745 NO
7746 NO
7747 NO
7748 NO
7749 NO
7750 NO
7751 NO
7752 NO
7753 YES
7754 NO
7755 NO
7756 NO
7757 NO
7758 NO
7759 NO
7760 NO
7761 NO
7762 NO
7763 NO
7764 NO
7765 NO
7766 NO
7767 YES
7768 NO
7769 NO
7770 NO
7771 NO
7772 NO
7773 NO
7774 NO
7775 NO
7776 NO
7777 NO
7778 NO
7779 YES
7780 NO
7781 NO
7782 NO
7783 NO
7784 NO
7785 NO
7786 NO
7787 NO
7788 NO
7789 NO
7790 NO
7791 NO
7792 NO
7793 YES
7794 NO
7795 NO
7796 NO
7797 YES
7798 NO
7799 NO
7800 NO
7801 NO
7802 NO
7803 NO
7804 NO
7805 NO
7806 NO
7807 NO
7808 NO
7809 NO
7810 NO
7811 NO
7812 NO
7813 NO
7814 NO
7815 NO
7816 NO
7817 NO
7818 NO
7819 NO
7820 NO
7821 NO
7822 NO
7823 YES
7824 NO
7825 NO
7826 NO
7827 NO
7828 NO
7829 NO
7830 NO
7831 NO
7832 NO
7833 NO
7834 NO
7835 NO
7836 NO
7837 NO
7838 NO
7839 NO
7840 NO
7841 NO
7842 NO
7843 NO
7844 NO
7845 NO
7846 NO
7847 NO
7848 NO
7849 NO
7850 NO
7851 NO
7852 NO
7853 YES
7854 NO
7855 NO
7856 NO
7857 NO
7858 NO
7859 NO
7860 NO
7861 NO
7862 NO
7863 NO
7864 NO
7865 NO
7866 NO
7867 NO
7868 NO
7869 NO
7870 NO
7871 NO
7872 NO
7873 YES
7874 NO
7875 NO
7876 NO
7877 NO
7878 NO
7879 NO
7880 NO
7881 NO
7882 NO
7883 YES
7884 NO
7885 NO
7886 NO
7887 NO
7888 NO
7889 NO
7890 NO
7891 NO
7892 NO
7893 NO
7894 NO
7895 NO
7896 NO
7897 NO
7898 NO
7899 YES
7900 NO
7901 NO
7902 NO
7903 NO
7904 NO
7905 NO
7906 NO
7907 NO
7908 NO
7909 NO
7910 NO
7911 YES
7912 NO
7913 NO
7914 NO
7915 NO
7916 NO
7917 NO
7918 NO
7919 NO
7920 NO
7921 NO
7922 NO
7923 NO
7924 NO
7925 NO
7926 NO
7927 NO
7928 NO
7929 NO
7930 NO
7931 NO
7932 NO
7933 YES
7934 NO
7935 NO
7936 NO
7937 NO
7938 NO
7939 NO
7940 NO
7941 NO
7942 NO
7943 NO
7944 NO
7945 NO
7946 NO
7947 YES
7948 NO
7949 NO
7950 NO
7951 NO
7952 NO
7953 NO
7954 NO
7955 NO
7956 NO
7957 NO
7958 NO
7959 NO
7960 NO
7961 NO
7962 NO
7963 YES
7964 NO
7965 NO
7966 NO
7967 NO
7968 NO
7969 YES
7970 NO
7971 NO
7972 NO
7973 NO
7974 NO
7975 NO
7976 NO
7977 NO
7978 NO
7979 NO
7980 NO
7981 NO
7982 NO
7983 NO
7984 NO
7985 NO
7986 NO
7987 NO
7988 NO
7989 YES
7990 NO
7991 NO
7992 NO
7993 YES
7994 NO
7995 NO
7996 NO
7997 NO
7998 NO
7999 NO
8000 NO
8001 NO
8002 NO
8003 NO
8004 NO
8005 NO
8006 NO
8007 NO
8008 NO
8009 NO
8010 NO
8011 NO
8012 NO
8013 NO
8014 NO
8015 NO
8016 NO
8017 NO
8018 NO
8019 NO
8020 NO
8021 NO
8022 NO
8023 NO
8024 NO
8025 NO
8026 NO
8027 NO
8028 NO
8029 NO
8030 NO
8031 NO
8032 NO
8033 NO
8034 NO
8035 NO
8036 NO
8037 NO
8038 NO
8039 NO
8040 NO
8041 NO
8042 NO
8043 NO
8044 NO
8045 NO
8046 NO
8047 NO
8048 NO
8049 YES
8050 NO
8051 NO
8052 NO
8053 YES
8054 NO
8055 NO
8056 NO
8057 NO
8058 NO
8059 NO
8060 NO
8061 NO
8062 NO
8063 NO
8064 NO
8065 NO
8066 NO
8067 NO
8068 NO
8069 NO
8070 NO
8071 NO
8072 NO
8073 YES
8074 NO
8075 NO
8076 NO
8077 NO
8078 NO
8079 YES
8080 NO
8081 NO
8082 NO
8083 NO
8084 NO
8085 NO
8086 NO
8087 NO
8088 NO
8089 NO
8090 NO
8091 NO
8092 NO
8093 YES
8094 NO
8095 NO
8096 NO
8097 NO
8098 NO
8099 NO
8100 NO
8101 NO
8102 NO
8103 NO
8104 NO
8105 NO
8106 NO
8107 NO
8108 NO
8109 NO
8110 NO
8111 NO
8112 NO
8113 NO
8114 NO
8115 NO
8116 NO
8117 NO
8118 NO
8119 YES
8120 NO
8121 NO
8122 NO
8123 YES
8124 NO
8125 NO
8126 NO
8127 NO
8128 NO
8129 NO
8130 NO
8131 NO
8132 NO
8133 NO
8134 NO
8135 NO
8136 NO
8137 NO
8138 NO
8139 YES
8140 NO
8141 NO
8142 NO
8143 NO
8144 NO
8145 NO
8146 NO
8147 NO
8148 NO
8149 NO
8150 NO
8151 NO
8152 NO
8153 NO
8154 NO
8155 NO
8156 NO
8157 NO
8158 NO
8159 NO
8160 NO
8161 NO
8162 NO
8163 NO
8164 NO
8165 NO
8166 NO
8167 NO
8168 NO
8169 NO
8170 NO
8171 NO
8172 NO
8173 NO
8174 NO
8175 NO
8176 NO
8177 NO
8178 NO
8179 NO
8180 NO
8181 NO
8182 NO
8183 NO
8184 NO
8185 NO
8186 NO
8187 NO
8188 NO
8189 NO
8190 NO
8191 NO
8192 NO
8193 NO
8194 NO
8195 NO
8196 NO
8197 NO
8198 NO
8199 NO
8200 NO
8201 NO
8202 NO
8203 NO
8204 NO
8205 NO
8206 NO
8207 NO
8208 NO
8209 NO
8210 NO
8211 NO
8212 NO
8213 NO
8214 NO
8215 NO
8216 NO
8217 NO
8218 NO
8219 NO
8220 NO
8221 NO
8222 NO
8223 NO
8224 NO
8225 NO
8226 NO
8227 NO
8228 NO
8229 NO
8230 NO
8231 NO
8232 NO
8233 YES
8234 NO
8235 NO
8236 NO
8237 NO
8238 NO
8239 NO
8240 NO
8241 NO
8242 NO
8243 YES
8244 NO
8245 NO
8246 NO
8247 NO
8248 NO
8249 YES
8250 NO
8251 NO
8252 NO
8253 NO
8254 NO
8255 NO
8256 NO
8257 NO
8258 NO
8259 YES
8260 NO
8261 NO
8262 NO
8263 YES
8264 NO
8265 NO
8266 NO
8267 NO
8268 NO
8269 NO
8270 NO
8271 NO
8272 NO
8273 YES
8274 NO
8275 NO
8276 NO
8277 NO
8278 NO
8279 NO
8280 NO
8281 NO
8282 NO
8283 NO
8284 NO
8285 NO
8286 NO
8287 NO
8288 NO
8289 NO
8290 NO
8291 NO
8292 NO
8293 YES
8294 NO
8295 NO
8296 NO
8297 NO
8298 NO
8299 YES
8300 NO
8301 NO
8302 NO
8303 NO
8304 NO
8305 NO
8306 NO
8307 NO
8308 NO
8309 NO
8310 NO
8311 NO
8312 NO
8313 NO
8314 NO
8315 NO
8316 NO
8317 NO
8318 NO
8319 NO
8320 NO
8321 NO
8322 NO
8323 NO
8324 NO
8325 NO
8326 NO
8327 NO
8328 NO
8329 NO
8330 NO
8331 NO
8332 NO
8333 NO
8334 NO
8335 NO
8336 NO
8337 NO
8338 NO
8339 NO
8340 NO
8341 NO
8342 NO
8343 YES
8344 NO
8345 NO
8346 NO
8347 NO
8348 NO
8349 NO
8350 NO
8351 NO
8352 NO
8353 YES
8354 NO
8355 NO
8356 NO
8357 NO
8358 NO
8359 YES
8360 NO
8361 NO
8362 NO
8363 YES
8364 NO
8365 NO
8366 NO
8367 NO
8368 NO
8369 NO
8370 NO
8371 NO
8372 NO
8373 NO
8374 NO
8375 NO
8376 NO
8377 NO
8378 NO
8379 NO
8380 NO
8381 NO
8382 NO
8383 NO
8384 NO
8385 NO
8386 NO
8387 NO
8388 NO
8389 NO
8390 NO
8391 NO
8392 NO
8393 NO
8394 NO
8395 NO
8396 NO
8397 NO
8398 NO
8399 NO
8400 NO
8401 NO
8402 NO
8403 NO
8404 NO
8405 NO
8406 NO
8407 NO
8408 NO
8409 YES
8410 NO
8411 NO
8412 NO
8413 NO
8414 NO
8415 NO
8416 NO
8417 NO
8418 NO
8419 NO
8420 NO
8421 NO
8422 NO
8423 YES
8424 NO
8425 NO
8426 NO
8427 YES
8428 NO
8429 NO
8430 NO
8431 NO
8432 NO
8433 NO
8434 NO
8435 NO
8436 NO
8437 NO
8438 NO
8439 NO
8440 NO
8441 NO
8442 NO
8443 YES
8444 NO
8445 NO
8446 NO
8447 NO
8448 NO
8449 NO
8450 NO
8451 YES
8452 NO
8453 NO
8454 NO
8455 NO
8456 NO
8457 NO
8458 NO
8459 NO
8460 NO
8461 NO
8462 NO
8463 NO
8464 NO
8465 NO
8466 NO
8467 NO
8468 NO
8469 NO
8470 NO
8471 NO
8472 NO
8473 NO
8474 NO
8475 NO
8476 NO
8477 NO
8478 NO
8479 NO
8480 NO
8481 NO
8482 NO
8483 NO
8484 NO
8485 NO
8486 NO
8487 NO
8488 NO
8489 YES
8490 NO
8491 NO
8492 NO
8493 NO
8494 NO
8495 NO
8496 NO
8497 NO
8498 NO
8499 YES
8500 NO
8501 NO
8502 NO
8503 NO
8504 NO
8505 NO
8506 NO
8507 NO
8508 NO
8509 NO
8510 NO
8511 NO
8512 NO
8513 YES
8514 NO
8515 NO
8516 NO
8517 NO
8518 NO
8519 NO
8520 NO
8521 NO
8522 NO
8523 NO
8524 NO
8525 NO
8526 NO
8527 NO
8528 NO
8529 YES
8530 NO
8531 NO
8532 NO
8533 NO
8534 NO
8535 NO
8536 NO
8537 NO
8538 NO
8539 NO
8540 NO
8541 YES
8542 NO
8543 YES
8544 NO
8545 NO
8546 NO
8547 NO
8548 NO
8549 YES
8550 NO
8551 NO
8552 NO
8553 NO
8554 NO
8555 NO
8556 NO
8557 NO
8558 NO
8559 NO
8560 NO
8561 NO
8562 NO
8563 YES
8564 NO
8565 NO
8566 NO
8567 NO
8568 NO
8569 NO
8570 NO
8571 NO
8572 NO
8573 YES
8574 NO
8575 NO
8576 NO
8577 YES
8578 NO
8579 YES
8580 NO
8581 NO
8582 NO
8583 NO
8584 NO
8585 NO
8586 NO
8587 NO
8588 NO
8589 NO
8590 NO
8591 NO
8592 NO
8593 NO
8594 NO
8595 NO
8596 NO
8597 NO
8598 NO
8599 NO
8600 NO
8601 NO
8602 NO
8603 NO
8604 NO
8605 NO
8606 NO
8607 NO
8608 NO
8609 NO
8610 NO
8611 NO
8612 NO
8613 NO
8614 NO
8615 NO
8616 NO
8617 NO
8618 NO
8619 NO
8620 NO
8621 NO
8622 NO
8623 YES
8624 NO
8625 NO
8626 NO
8627 NO
8628 NO
8629 NO
8630 NO
8631 NO
8632 NO
8633 NO
8634 NO
8635 NO
8636 NO
8637 NO
8638 NO
8639 YES
8640 NO
8641 NO
8642 NO
8643 NO
8644 NO
8645 NO
8646 NO
8647 NO
8648 NO
8649 NO
8650 NO
8651 NO
8652 NO
8653 NO
8654 NO
8655 NO
8656 NO
8657 NO
8658 NO
8659 NO
8660 NO
8661 NO
8662 NO
8663 YES
8664 NO
8665 NO
8666 NO
8667 NO
8668 NO
8669 NO
8670 NO
8671 NO
8672 NO
8673 NO
8674 NO
8675 NO
8676 NO
8677 NO
8678 NO
8679 NO
8680 NO
8681 NO
8682 NO
8683 NO
8684 NO
8685 NO
8686 NO
8687 NO
8688 NO
8689 NO
8690 NO
8691 NO
8692 NO
8693 YES
8694 NO
8695 NO
8696 NO
8697 YES
8698 NO
8699 NO
8700 NO
8701 NO
8702 NO
8703 NO
8704 NO
8705 NO
8706 NO
8707 NO
8708 NO
8709 YES
8710 NO
8711 NO
8712 NO
8713 YES
8714 NO
8715 NO
8716 NO
8717 NO
8718 NO
8719 NO
8720 NO
8721 NO
8722 NO
8723 NO
8724 NO
8725 NO
8726 NO
8727 NO
8728 NO
8729 NO
8730 NO
8731 NO
8732 NO
8733 NO
8734 NO
8735 NO
8736 NO
8737 NO
8738 NO
8739 NO
8740 NO
8741 NO
8742 NO
8743 NO
8744 NO
8745 NO
8746 NO
8747 NO
8748 NO
8749 YES
8750 NO
8751 NO
8752 NO
8753 YES
8754 NO
8755 NO
8756 NO
8757 NO
8758 NO
8759 NO
8760 NO
8761 NO
8762 NO
8763 NO
8764 NO
8765 NO
8766 NO
8767 NO
8768 NO
8769 NO
8770 NO
8771 NO
8772 NO
8773 NO
8774 NO
8775 NO
8776 NO
8777 NO
8778 NO
8779 NO
8780 NO
8781 NO
8782 NO
8783 YES
8784 NO
8785 NO
8786 NO
8787 NO
8788 NO
8789 NO
8790 NO
8791 NO
8792 NO
8793 NO
8794 NO
8795 NO
8796 NO
8797 NO
8798 NO
8799 NO
8800 NO
8801 NO
8802 NO
8803 YES
8804 NO
8805 NO
8806 NO
8807 NO
8808 NO
8809 YES
8810 NO
8811 NO
8812 NO
8813 NO
8814 NO
8815 NO
8816 NO
8817 NO
8818 NO
8819 NO
8820 NO
8821 NO
8822 NO
8823 NO
8824 NO
8825 NO
8826 NO
8827 NO
8828 NO
8829 NO
8830 NO
8831 NO
8832 NO
8833 NO
8834 NO
8835 NO
8836 NO
8837 NO
8838 NO
8839 NO
8840 NO
8841 NO
8842 NO
8843 NO
8844 NO
8845 NO
8846 NO
8847 YES
8848 NO
8849 NO
8850 NO
8851 NO
8852 NO
8853 NO
8854 NO
8855 NO
8856 NO
8857 NO
8858 NO
8859 YES
8860 NO
8861 NO
8862 NO
8863 YES
8864 NO
8865 NO
8866 NO
8867 NO
8868 NO
8869 NO
8870 NO
8871 NO
8872 NO
8873 NO
8874 NO
8875 NO
8876 NO
8877 NO
8878 NO
8879 YES
8880 NO
8881 NO
8882 NO
8883 NO
8884 NO
8885 NO
8886 NO
8887 NO
8888 NO
8889 YES
8890 NO
8891 NO
8892 NO
8893 YES
8894 NO
8895 NO
8896 NO
8897 NO
8898 NO
8899 NO
8900 NO
8901 YES
8902 NO
8903 NO
8904 NO
8905 NO
8906 NO
8907 NO
8908 NO
8909 NO
8910 NO
8911 NO
8912 NO
8913 NO
8914 NO
8915 NO
8916 NO
8917 NO
8918 NO
8919 NO
8920 NO
8921 NO
8922 NO
8923 YES
8924 NO
8925 NO
8926 NO
8927 NO
8928 NO
8929 NO
8930 NO
8931 NO
8932 NO
8933 YES
8934 NO
8935 NO
8936 NO
8937 NO
8938 NO
8939 NO
8940 NO
8941 NO
8942 NO
8943 NO
8944 NO
8945 NO
8946 NO
8947 NO
8948 NO
8949 NO
8950 NO
8951 NO
8952 NO
8953 NO
8954 NO
8955 NO
8956 NO
8957 YES
8958 NO
8959 NO
8960 NO
8961 NO
8962 NO
8963 YES
8964 NO
8965 NO
8966 NO
8967 NO
8968 NO
8969 NO
8970 NO
8971 NO
8972 NO
8973 NO
8974 NO
8975 NO
8976 NO
8977 NO
8978 NO
8979 NO
8980 NO
8981 NO
8982 NO
8983 NO
8984 NO
8985 NO
8986 NO
8987 NO
8988 NO
8989 NO
8990 NO
8991 NO
8992 NO
8993 NO
8994 NO
8995 NO
8996 NO
8997 NO
8998 NO
8999 NO
9000 NO
9001 NO
9002 NO
9003 NO
9004 NO
9005 NO
9006 NO
9007 NO
9008 NO
9009 NO
9010 NO
9011 NO
9012 NO
9013 YES
9014 NO
9015 NO
9016 NO
9017 NO
9018 NO
9019 NO
9020 NO
9021 NO
9022 NO
9023 NO
9024 NO
9025 NO
9026 NO
9027 NO
9028 NO
9029 NO
9030 NO
9031 NO
9032 NO
9033 NO
9034 NO
9035 NO
9036 NO
9037 NO
9038 NO
9039 NO
9040 NO
9041 NO
9042 NO
9043 YES
9044 NO
9045 NO
9046 NO
9047 NO
9048 NO
9049 NO
9050 NO
9051 NO
9052 NO
9053 NO
9054 NO
9055 NO
9056 NO
9057 NO
9058 NO
9059 NO
9060 NO
9061 NO
9062 NO
9063 NO
9064 NO
9065 NO
9066 NO
9067 NO
9068 NO
9069 YES
9070 NO
9071 NO
9072 NO
9073 NO
9074 NO
9075 NO
9076 NO
9077 NO
9078 NO
9079 NO
9080 NO
9081 NO
9082 NO
9083 NO
9084 NO
9085 NO
9086 NO
9087 YES
9088 NO
9089 NO
9090 NO
9091 NO
9092 NO
9093 NO
9094 NO
9095 NO
9096 NO
9097 NO
9098 NO
9099 NO
9100 NO
9101 NO
9102 NO
9103 YES
9104 NO
9105 NO
9106 NO
9107 NO
9108 NO
9109 NO
9110 NO
9111 NO
9112 NO
9113 NO
9114 NO
9115 NO
9116 NO
9117 YES
9118 NO
9119 NO
9120 NO
9121 NO
9122 NO
9123 NO
9124 NO
9125 NO
9126 NO
9127 NO
9128 NO
9129 NO
9130 NO
9131 NO
9132 NO
9133 YES
9134 NO
9135 NO
9136 NO
9137 NO
9138 NO
9139 NO
9140 NO
9141 NO
9142 NO
9143 NO
9144 NO
9145 NO
9146 NO
9147 NO
9148 NO
9149 NO
9150 NO
9151 NO
9152 NO
9153 YES
9154 NO
9155 NO
9156 NO
9157 NO
9158 NO
9159 NO
9160 NO
9161 NO
9162 NO
9163 NO
9164 NO
9165 NO
9166 NO
9167 NO
9168 NO
9169 YES
9170 NO
9171 NO
9172 NO
9173 YES
9174 NO
9175 NO
9176 NO
9177 NO
9178 NO
9179 NO
9180 NO
9181 NO
9182 NO
9183 NO
9184 NO
9185 NO
9186 NO
9187 NO
9188 NO
9189 NO
9190 NO
9191 NO
9192 NO
9193 NO
9194 NO
9195 NO
9196 NO
9197 NO
9198 NO
9199 NO
9200 NO
9201 NO
9202 NO
9203 YES
9204 NO
9205 NO
9206 NO
9207 NO
9208 NO
9209 NO
9210 NO
9211 NO
9212 NO
9213 NO
9214 NO
9215 NO
9216 NO
9217 NO
9218 NO
9219 NO
9220 NO
9221 NO
9222 NO
9223 NO
9224 NO
9225 NO
9226 NO
9227 NO
9228 NO
9229 NO
9230 NO
9231 NO
9232 NO
9233 NO
9234 NO
9235 NO
9236 NO
9237 NO
9238 NO
9239 NO
9240 NO
9241 NO
9242 NO
9243 NO
9244 NO
9245 NO
9246 NO
9247 NO
9248 NO
9249 YES
9250 NO
9251 NO
9252 NO
9253 NO
9254 NO
9255 NO
9256 NO
9257 NO
9258 NO
9259 NO
9260 NO
9261 NO
9262 NO
9263 NO
9264 NO
9265 NO
9266 NO
9267 NO
9268 NO
9269 NO
9270 NO
9271 NO
9272 NO
9273 NO
9274 NO
9275 NO
9276 NO
9277 NO
9278 NO
9279 NO
9280 NO
9281 NO
9282 NO
9283 YES
9284 NO
9285 NO
9286 NO
9287 NO
9288 NO
9289 NO
9290 NO
9291 NO
9292 NO
9293 YES
9294 NO
9295 NO
9296 NO
9297 YES
9298 NO
9299 NO
9300 NO
9301 NO
9302 NO
9303 NO
9304 NO
9305 NO
9306 NO
9307 NO
9308 NO
9309 NO
9310 NO
9311 NO
9312 NO
9313 NO
9314 NO
9315 NO
9316 NO
9317 NO
9318 NO
9319 NO
9320 NO
9321 NO
9322 NO
9323 YES
9324 NO
9325 NO
9326 NO
9327 NO
9328 NO
9329 NO
9330 NO
9331 NO
9332 NO
9333 NO
9334 NO
9335 NO
9336 NO
9337 NO
9338 NO
9339 NO
9340 NO
9341 NO
9342 NO
9343 YES
9344 NO
9345 NO
9346 NO
9347 NO
9348 NO
9349 NO
9350 NO
9351 NO
9352 NO
9353 NO
9354 NO
9355 NO
9356 NO
9357 NO
9358 NO
9359 NO
9360 NO
9361 NO
9362 NO
9363 NO
9364 NO
9365 NO
9366 NO
9367 NO
9368 NO
9369 NO
9370 NO
9371 NO
9372 NO
9373 NO
9374 NO
9375 NO
9376 NO
9377 NO
9378 NO
9379 YES
9380 NO
9381 NO
9382 NO
9383 NO
9384 NO
9385 NO
9386 NO
9387 NO
9388 NO
9389 NO
9390 NO
9391 NO
9392 NO
9393 NO
9394 NO
9395 NO
9396 NO
9397 NO
9398 NO
9399 NO
9400 NO
9401 NO
9402 NO
9403 YES
9404 NO
9405 NO
9406 NO
9407 NO
9408 NO
9409 NO
9410 NO
9411 NO
9412 NO
9413 YES
9414 NO
9415 NO
9416 NO
9417 YES
9418 NO
9419 NO
9420 NO
9421 NO
9422 NO
9423 NO
9424 NO
9425 NO
9426 NO
9427 NO
9428 NO
9429 NO
9430 NO
9431 NO
9432 NO
9433 YES
9434 NO
9435 NO
9436 NO
9437 NO
9438 NO
9439 NO
9440 NO
9441 NO
9442 NO
9443 NO
9444 NO
9445 NO
9446 NO
9447 NO
9448 NO
9449 NO
9450 NO
9451 NO
9452 NO
9453 NO
9454 NO
9455 NO
9456 NO
9457 NO
9458 NO
9459 NO
9460 NO
9461 NO
9462 NO
9463 YES
9464 NO
9465 NO
9466 NO
9467 NO
9468 NO
9469 NO
9470 NO
9471 NO
9472 NO
9473 YES
9474 NO
9475 NO
9476 NO
9477 YES
9478 NO
9479 NO
9480 NO
9481 NO
9482 NO
9483 NO
9484 NO
9485 NO
9486 NO
9487 NO
9488 NO
9489 YES
9490 NO
9491 NO
9492 NO
9493 NO
9494 NO
9495 NO
9496 NO
9497 NO
9498 NO
9499 NO
9500 NO
9501 NO
9502 NO
9503 NO
9504 NO
9505 NO
9506 NO
9507 NO
9508 NO
9509 NO
9510 NO
9511 NO
9512 NO
9513 NO
9514 NO
9515 NO
9516 NO
9517 NO
9518 NO
9519 NO
9520 NO
9521 NO
9522 NO
9523 NO
9524 NO
9525 NO
9526 NO
9527 NO
9528 NO
9529 YES
9530 NO
9531 YES
9532 NO
9533 YES
9534 NO
9535 NO
9536 NO
9537 NO
9538 NO
9539 NO
9540 NO
9541 NO
9542 NO
9543 NO
9544 NO
9545 NO
9546 NO
9547 NO
9548 NO
9549 NO
9550 NO
9551 NO
9552 NO
9553 NO
9554 NO
9555 NO
9556 NO
9557 NO
9558 NO
9559 NO
9560 NO
9561 NO
9562 NO
9563 NO
9564 NO
9565 NO
9566 NO
9567 YES
9568 NO
9569 NO
9570 NO
9571 NO
9572 NO
9573 NO
9574 NO
9575 NO
9576 NO
9577 NO
9578 NO
9579 NO
9580 NO
9581 NO
9582 NO
9583 NO
9584 NO
9585 NO
9586 NO
9587 NO
9588 NO
9589 YES
9590 NO
9591 NO
9592 NO
9593 NO
9594 NO
9595 NO
9596 NO
9597 NO
9598 NO
9599 NO
9600 NO
9601 NO
9602 NO
9603 NO
9604 NO
9605 NO
9606 NO
9607 NO
9608 NO
9609 YES
9610 NO
9611 NO
9612 NO
9613 YES
9614 NO
9615 NO
9616 NO
9617 NO
9618 NO
9619 NO
9620 NO
9621 NO
9622 NO
9623 YES
9624 NO
9625 NO
9626 NO
9627 NO
9628 NO
9629 NO
9630 NO
9631 NO
9632 NO
9633 NO
9634 NO
9635 NO
9636 NO
9637 NO
9638 NO
9639 NO
9640 NO
9641 NO
9642 NO
9643 YES
9644 NO
9645 NO
9646 NO
9647 NO
9648 NO
9649 NO
9650 NO
9651 NO
9652 NO
9653 NO
9654 NO
9655 NO
9656 NO
9657 NO
9658 NO
9659 YES
9660 NO
9661 NO
9662 NO
9663 NO
9664 NO
9665 NO
9666 NO
9667 NO
9668 NO
9669 NO
9670 NO
9671 NO
9672 NO
9673 NO
9674 NO
9675 NO
9676 NO
9677 NO
9678 NO
9679 NO
9680 NO
9681 NO
9682 NO
9683 NO
9684 NO
9685 NO
9686 NO
9687 NO
9688 NO
9689 NO
9690 NO
9691 NO
9692 NO
9693 NO
9694 NO
9695 NO
9696 NO
9697 NO
9698 NO
9699 NO
9700 NO
9701 NO
9702 NO
9703 NO
9704 NO
9705 NO
9706 NO
9707 NO
9708 NO
9709 NO
9710 NO
9711 YES
9712 NO
9713 NO
9714 NO
9715 NO
9716 NO
9717 NO
9718 NO
9719 NO
9720 NO
9721 NO
9722 NO
9723 NO
9724 NO
9725 NO
9726 NO
9727 NO
9728 NO
9729 NO
9730 NO
9731 NO
9732 NO
9733 YES
9734 NO
9735 NO
9736 NO
9737 NO
9738 NO
9739 NO
9740 NO
9741 NO
9742 NO
9743 YES
9744 NO
9745 NO
9746 NO
9747 NO
9748 NO
9749 NO
9750 NO
9751 NO
9752 NO
9753 NO
9754 NO
9755 NO
9756 NO
9757 NO
9758 NO
9759 YES
9760 NO
9761 NO
9762 NO
9763 NO
9764 NO
9765 NO
9766 NO
9767 NO
9768 NO
9769 NO
9770 NO
9771 NO
9772 NO
9773 NO
9774 NO
9775 NO
9776 NO
9777 NO
9778 NO
9779 NO
9780 NO
9781 NO
9782 NO
9783 NO
9784 NO
9785 NO
9786 NO
9787 NO
9788 NO
9789 NO
9790 NO
9791 NO
9792 NO
9793 NO
9794 NO
9795 NO
9796 NO
9797 NO
9798 NO
9799 NO
9800 NO
9801 NO
9802 NO
9803 YES
9804 NO
9805 NO
9806 NO
9807 NO
9808 NO
9809 NO
9810 NO
9811 NO
9812 NO
9813 NO
9814 NO
9815 NO
9816 NO
9817 NO
9818 NO
9819 NO
9820 NO
9821 NO
9822 NO
9823 NO
9824 NO
9825 NO
9826 NO
9827 NO
9828 NO
9829 NO
9830 NO
9831 NO
9832 NO
9833 YES
9834 NO
9835 NO
9836 NO
9837 YES
9838 NO
9839 NO
9840 NO
9841 NO
9842 NO
9843 NO
9844 NO
9845 NO
9846 NO
9847 NO
9848 NO
9849 NO
9850 NO
9851 NO
9852 NO
9853 NO
9854 NO
9855 NO
9856 NO
9857 NO
9858 NO
9859 NO
9860 NO
9861 NO
9862 NO
9863 NO
9864 NO
9865 NO
9866 NO
9867 NO
9868 NO
9869 NO
9870 NO
9871 NO
9872 NO
9873 NO
9874 NO
9875 NO
9876 NO
9877 NO
9878 NO
9879 NO
9880 NO
9881 NO
9882 NO
9883 YES
9884 NO
9885 NO
9886 NO
9887 NO
9888 NO
9889 NO
9890 NO
9891 NO
9892 NO
9893 NO
9894 NO
9895 NO
9896 NO
9897 NO
9898 NO
9899 NO
9900 NO
9901 NO
9902 NO
9903 NO
9904 NO
9905 NO
9906 NO
9907 NO
9908 NO
9909 NO
9910 NO
9911 NO
9912 NO
9913 NO
9914 NO
9915 NO
9916 NO
9917 NO
9918 NO
9919 NO
9920 NO
9921 NO
9922 NO
9923 YES
9924 NO
9925 NO
9926 NO
9927 YES
9928 NO
9929 NO
9930 NO
9931 NO
9932 NO
9933 NO
9934 NO
9935 NO
9936 NO
9937 NO
9938 NO
9939 YES
9940 NO
9941 NO
9942 NO
9943 NO
9944 NO
9945 NO
9946 NO
9947 NO
9948 NO
9949 NO
9950 NO
9951 NO
9952 NO
9953 NO
9954 NO
9955 NO
9956 NO
9957 NO
9958 NO
9959 YES
9960 NO
9961 NO
9962 NO
9963 NO
9964 NO
9965 NO
9966 NO
9967 NO
9968 NO
9969 YES
9970 NO
9971 NO
9972 NO
9973 YES
9974 NO
9975 NO
9976 NO
9977 NO
9978 NO
9979 NO
9980 NO
9981 NO
9982 NO
9983 NO
9984 NO
9985 NO
9986 NO
9987 NO
9988 NO
9989 NO
9990 NO
9991 NO
9992 NO
9993 NO
9994 NO
9995 NO
9996 NO
9997 NO
9998 NO
9999 NO
